2025-10-10 15:15:24.585 [info] Starting Python Locator /home/saif/.vscode/extensions/ms-python.python-2025.16.0-linux-x64/python-env-tools/bin/pet server
2025-10-10 15:15:30.920 [info] Discovered manager: (Pyenv) /usr/bin/pyenv
2025-10-10 15:15:31.021 [info] Discovered env: /home/saif/.pyenv/versions/3.12.3/bin/python
2025-10-10 15:15:31.048 [info] Discovered env: /home/saif/Dev/work/goby/venv/bin/python
2025-10-10 15:15:31.167 [info] Discovered env: /usr/bin/python
2025-10-10 15:15:31.170 [info] Discovered env: /bin/python
2025-10-10 15:15:31.171 [info] Env ("/sbin/python") in Path resolved as ResolvedPythonEnv { executable: "/sbin/python", prefix: "/usr", version: "3.13.7.final.0", is64_bit: true, symlinks: Some(["/sbin/python"]) } and reported as Some(GlobalPaths)
2025-10-10 15:15:31.172 [info] Discovered env: /sbin/python
2025-10-10 15:15:31.173 [info] Env ("/usr/sbin/python") in Path resolved as ResolvedPythonEnv { executable: "/usr/sbin/python", prefix: "/usr", version: "3.13.7.final.0", is64_bit: true, symlinks: Some(["/usr/sbin/python"]) } and reported as Some(GlobalPaths)
2025-10-10 15:15:31.174 [info] Discovered env: /usr/sbin/python
2025-10-10 15:15:31.174 [info] Env ("/sbin/python3") in Path resolved as ResolvedPythonEnv { executable: "/sbin/python3", prefix: "/usr", version: "3.13.7.final.0", is64_bit: true, symlinks: Some(["/sbin/python3"]) } and reported as Some(GlobalPaths)
2025-10-10 15:15:31.174 [info] Discovered env: /sbin/python3
2025-10-10 15:15:31.175 [info] Env ("/usr/sbin/python3") in Path resolved as ResolvedPythonEnv { executable: "/usr/sbin/python3", prefix: "/usr", version: "3.13.7.final.0", is64_bit: true, symlinks: Some(["/usr/sbin/python3"]) } and reported as Some(GlobalPaths)
2025-10-10 15:15:31.175 [info] Discovered env: /usr/sbin/python3
2025-10-10 15:15:31.175 [info] Env ("/sbin/python3.13") in Path resolved as ResolvedPythonEnv { executable: "/sbin/python3.13", prefix: "/usr", version: "3.13.7.final.0", is64_bit: true, symlinks: Some(["/sbin/python3.13"]) } and reported as Some(GlobalPaths)
2025-10-10 15:15:31.175 [info] Discovered env: /sbin/python3.13
2025-10-10 15:15:31.176 [info] Env ("/usr/sbin/python3.13") in Path resolved as ResolvedPythonEnv { executable: "/usr/sbin/python3.13", prefix: "/usr", version: "3.13.7.final.0", is64_bit: true, symlinks: Some(["/usr/sbin/python3.13"]) } and reported as Some(GlobalPaths)
2025-10-10 15:15:31.176 [info] Discovered env: /usr/sbin/python3.13
2025-10-10 15:15:31.176 [info] Locator Conda took 606.809932ms
2025-10-10 15:15:31.176 [info] Locator Homebrew took 257.417µs
2025-10-10 15:15:31.176 [info] Locator LinuxGlobal took 266.71141ms
2025-10-10 15:15:31.177 [info] Locator PipEnv took 481.477µs
2025-10-10 15:15:31.177 [info] Locator Pixi took 204.003µs
2025-10-10 15:15:31.177 [info] Locator Poetry took 1.076332ms
2025-10-10 15:15:31.177 [info] Locator PyEnv took 40.86125ms
2025-10-10 15:15:31.177 [info] Locator Venv took 41.009µs
2025-10-10 15:15:31.177 [info] Locator VirtualEnv took 49.253µs
2025-10-10 15:15:31.177 [info] Locator VirtualEnvWrapper took 407.724µs
2025-10-10 15:15:31.177 [info] Locator GlobalVirtualEnvs took 256.726µs
2025-10-10 15:15:31.177 [info] Locator Locators took 607.374793ms
2025-10-10 15:15:31.177 [info] Locator Path took 456.802289ms
2025-10-10 15:15:31.177 [info] Locator Workspaces took 64.658466ms
2025-10-10 15:15:31.177 [info] Refresh completed in 607ms
2025-10-10 15:15:31.179 [info] Resolved Python Environment /home/saif/Dev/work/goby/venv/bin/python
