2025-10-11 16:34:54.989 [info] Reading sessions from keychain...
2025-10-11 16:34:54.990 [info] Got stored sessions!
2025-10-11 16:34:54.990 [info] Got 2 verified sessions.
2025-10-11 16:34:54.990 [info] Getting sessions for all scopes...
2025-10-11 16:34:54.990 [info] Got 2 sessions for ...
2025-10-11 16:34:54.990 [info] Getting sessions for all scopes...
2025-10-11 16:34:54.990 [info] Got 2 sessions for ...
2025-10-11 16:34:54.990 [info] Getting sessions for all scopes...
2025-10-11 16:34:54.990 [info] Got 2 sessions for ...
2025-10-11 16:34:54.990 [info] Getting sessions for all scopes...
2025-10-11 16:34:54.990 [info] Got 2 sessions for ...
2025-10-11 16:34:54.990 [info] Getting sessions for all scopes...
2025-10-11 16:34:54.990 [info] Got 2 sessions for ...
2025-10-11 16:34:54.990 [info] Getting sessions for all scopes...
2025-10-11 16:34:54.990 [info] Got 2 sessions for ...
2025-10-11 16:34:54.990 [info] Getting sessions for user:email...
2025-10-11 16:34:54.990 [info] Got 1 sessions for user:email...
2025-10-11 16:34:54.990 [info] Getting sessions for all scopes...
2025-10-11 16:34:54.990 [info] Got 2 sessions for ...
2025-10-11 16:34:54.990 [info] Getting sessions for all scopes...
2025-10-11 16:34:54.990 [info] Got 2 sessions for ...
2025-10-11 16:34:54.990 [info] Getting sessions for all scopes...
2025-10-11 16:34:54.990 [info] Got 2 sessions for ...
2025-10-11 16:34:54.990 [info] Getting sessions for all scopes...
2025-10-11 16:34:54.990 [info] Got 2 sessions for ...
2025-10-11 16:34:54.990 [info] Getting sessions for all scopes...
2025-10-11 16:34:54.990 [info] Got 2 sessions for ...
2025-10-11 16:34:54.990 [info] Getting sessions for all scopes...
2025-10-11 16:34:54.990 [info] Got 2 sessions for ...
2025-10-11 16:34:54.990 [info] Getting sessions for all scopes...
2025-10-11 16:34:54.990 [info] Got 2 sessions for ...
2025-10-11 16:34:54.990 [info] Getting sessions for all scopes...
2025-10-11 16:34:54.990 [info] Got 2 sessions for ...
2025-10-11 16:34:54.990 [info] Getting sessions for all scopes...
2025-10-11 16:34:54.990 [info] Got 2 sessions for ...
2025-10-11 16:34:54.990 [info] Getting sessions for all scopes...
2025-10-11 16:34:54.990 [info] Got 2 sessions for ...
2025-10-11 16:34:54.991 [info] Getting sessions for all scopes...
2025-10-11 16:34:54.991 [info] Got 2 sessions for ...
2025-10-11 16:34:54.991 [info] Getting sessions for all scopes...
2025-10-11 16:34:54.991 [info] Got 2 sessions for ...
2025-10-11 16:34:54.991 [info] Getting sessions for all scopes...
2025-10-11 16:34:54.991 [info] Got 2 sessions for ...
2025-10-11 16:34:54.991 [info] Getting sessions for all scopes...
2025-10-11 16:34:54.991 [info] Got 2 sessions for ...
2025-10-11 16:34:54.991 [info] Getting sessions for read:user,repo,user:email,workflow...
2025-10-11 16:34:54.991 [info] Got 1 sessions for read:user,repo,user:email,workflow...
2025-10-11 16:34:55.636 [info] fetching: Electron fetch failed with status: 429 
2025-10-11 16:35:46.083 [info] Reading sessions from keychain...
2025-10-11 16:35:46.083 [info] Getting sessions for all scopes...
2025-10-11 16:35:46.236 [info] Got stored sessions!
2025-10-11 16:35:46.237 [info] Got 2 verified sessions.
2025-10-11 16:35:46.237 [info] Got 2 sessions for ...
2025-10-11 16:35:46.238 [info] Getting sessions for all scopes...
2025-10-11 16:35:46.238 [info] Got 2 sessions for ...
2025-10-11 16:35:46.239 [info] Getting sessions for all scopes...
2025-10-11 16:35:46.239 [info] Got 2 sessions for ...
2025-10-11 16:35:46.240 [info] Getting sessions for all scopes...
2025-10-11 16:35:46.240 [info] Got 2 sessions for ...
2025-10-11 16:35:46.240 [info] Getting sessions for all scopes...
2025-10-11 16:35:46.240 [info] Got 2 sessions for ...
2025-10-11 16:35:46.240 [info] Getting sessions for all scopes...
2025-10-11 16:35:46.240 [info] Got 2 sessions for ...
2025-10-11 16:35:46.241 [info] Getting sessions for all scopes...
2025-10-11 16:35:46.241 [info] Got 2 sessions for ...
2025-10-11 16:35:46.242 [info] Getting sessions for all scopes...
2025-10-11 16:35:46.242 [info] Got 2 sessions for ...
2025-10-11 16:35:47.496 [info] fetching: Electron fetch failed with status: 429 
2025-10-11 16:35:48.370 [info] fetching: Node fetch failed with status: 429 Too Many Requests
2025-10-11 16:35:48.435 [info] Getting sessions for user:email...
2025-10-11 16:35:48.435 [info] Got 1 sessions for user:email...
2025-10-11 16:35:48.436 [info] Getting sessions for all scopes...
2025-10-11 16:35:48.436 [info] Got 2 sessions for ...
2025-10-11 16:35:48.436 [info] Getting sessions for all scopes...
2025-10-11 16:35:48.436 [info] Got 2 sessions for ...
2025-10-11 16:35:48.436 [info] Getting sessions for all scopes...
2025-10-11 16:35:48.436 [info] Got 2 sessions for ...
2025-10-11 16:35:48.437 [info] Getting sessions for all scopes...
2025-10-11 16:35:48.437 [info] Got 2 sessions for ...
2025-10-11 16:35:48.437 [info] Getting sessions for all scopes...
2025-10-11 16:35:48.437 [info] Got 2 sessions for ...
2025-10-11 16:35:48.718 [info] Getting sessions for all scopes...
2025-10-11 16:35:48.718 [info] Got 2 sessions for ...
2025-10-11 16:35:48.719 [info] Getting sessions for all scopes...
2025-10-11 16:35:48.719 [info] Got 2 sessions for ...
2025-10-11 16:35:48.720 [info] Getting sessions for all scopes...
2025-10-11 16:35:48.720 [info] Got 2 sessions for ...
2025-10-11 16:35:48.724 [info] Getting sessions for all scopes...
2025-10-11 16:35:48.724 [info] Got 2 sessions for ...
2025-10-11 16:35:48.726 [info] Getting sessions for all scopes...
2025-10-11 16:35:48.727 [info] Got 2 sessions for ...
2025-10-11 16:35:49.051 [info] fetching: Node http/s failed with status: 429 Too Many Requests
2025-10-11 16:35:52.784 [info] Getting sessions for all scopes...
2025-10-11 16:35:52.784 [info] Got 2 sessions for ...
2025-10-11 16:35:52.785 [info] Getting sessions for user:email...
2025-10-11 16:35:52.785 [info] Got 1 sessions for user:email...
2025-10-11 16:35:57.694 [info] Getting sessions for all scopes...
2025-10-11 16:35:57.694 [info] Got 2 sessions for ...
2025-10-11 16:35:57.695 [info] Getting sessions for all scopes...
2025-10-11 16:35:57.695 [info] Got 2 sessions for ...
2025-10-11 16:35:59.597 [info] Getting sessions for all scopes...
2025-10-11 16:35:59.597 [info] Got 2 sessions for ...
2025-10-11 16:35:59.599 [info] Getting sessions for read:user,repo,user:email,workflow...
2025-10-11 16:35:59.599 [info] Got 1 sessions for read:user,repo,user:email,workflow...
2025-10-11 16:35:59.600 [info] Getting sessions for all scopes...
2025-10-11 16:35:59.600 [info] Got 2 sessions for ...
2025-10-11 16:35:59.973 [info] Getting sessions for read:user,repo,user:email,workflow...
2025-10-11 16:35:59.973 [info] Got 1 sessions for read:user,repo,user:email,workflow...
2025-10-11 16:36:00.332 [info] Getting sessions for all scopes...
2025-10-11 16:36:00.332 [info] Got 2 sessions for ...
2025-10-11 16:36:00.333 [info] Getting sessions for all scopes...
2025-10-11 16:36:00.333 [info] Got 2 sessions for ...
2025-10-11 16:36:01.279 [info] Getting sessions for read:user,repo,user:email,workflow...
2025-10-11 16:36:01.279 [info] Got 1 sessions for read:user,repo,user:email,workflow...
2025-10-11 16:36:02.612 [info] Getting sessions for all scopes...
2025-10-11 16:36:02.612 [info] Got 2 sessions for ...
2025-10-11 16:36:03.290 [info] Getting sessions for all scopes...
2025-10-11 16:36:03.291 [info] Got 2 sessions for ...
2025-10-11 16:36:03.330 [info] Getting sessions for read:user,repo,user:email,workflow...
2025-10-11 16:36:03.330 [info] Got 1 sessions for read:user,repo,user:email,workflow...
2025-10-11 16:36:03.978 [info] Getting sessions for all scopes...
2025-10-11 16:36:03.978 [info] Got 2 sessions for ...
2025-10-11 16:36:04.596 [info] Getting sessions for read:user,repo,user:email,workflow...
2025-10-11 16:36:04.596 [info] Got 1 sessions for read:user,repo,user:email,workflow...
2025-10-11 16:36:05.548 [info] Getting sessions for all scopes...
2025-10-11 16:36:05.548 [info] Got 2 sessions for ...
2025-10-11 16:36:06.081 [info] Getting sessions for read:user,repo,user:email,workflow...
2025-10-11 16:36:06.081 [info] Got 1 sessions for read:user,repo,user:email,workflow...
2025-10-11 16:36:06.464 [info] Getting sessions for all scopes...
2025-10-11 16:36:06.464 [info] Got 2 sessions for ...
2025-10-11 16:36:06.465 [info] Getting sessions for all scopes...
2025-10-11 16:36:06.465 [info] Got 2 sessions for ...
2025-10-11 16:36:06.736 [info] Getting sessions for all scopes...
2025-10-11 16:36:06.737 [info] Got 2 sessions for ...
2025-10-11 16:36:07.303 [info] Getting sessions for read:user,repo,user:email,workflow...
2025-10-11 16:36:07.303 [info] Got 1 sessions for read:user,repo,user:email,workflow...
2025-10-11 16:36:07.863 [info] Getting sessions for all scopes...
2025-10-11 16:36:07.863 [info] Got 2 sessions for ...
2025-10-11 16:36:08.470 [info] Getting sessions for read:user,repo,user:email,workflow...
2025-10-11 16:36:08.470 [info] Got 1 sessions for read:user,repo,user:email,workflow...
2025-10-11 16:36:10.409 [info] Getting sessions for all scopes...
2025-10-11 16:36:10.409 [info] Got 2 sessions for ...
2025-10-11 17:28:12.985 [info] Getting sessions for read:user,repo,user:email,workflow...
2025-10-11 17:28:13.011 [info] Got 1 sessions for read:user,repo,user:email,workflow...
