2025-10-10 15:14:26.887 [info] Reading sessions from keychain...
2025-10-10 15:14:26.887 [info] Getting sessions for all scopes...
2025-10-10 15:14:26.887 [info] Got stored sessions!
2025-10-10 15:14:26.887 [info] Got 2 verified sessions.
2025-10-10 15:14:26.887 [info] Got 2 sessions for ...
2025-10-10 15:14:26.887 [info] Getting sessions for all scopes...
2025-10-10 15:14:26.887 [info] Got 2 sessions for ...
2025-10-10 15:14:26.887 [info] Getting sessions for all scopes...
2025-10-10 15:14:26.887 [info] Got 2 sessions for ...
2025-10-10 15:14:26.887 [info] Getting sessions for all scopes...
2025-10-10 15:14:26.887 [info] Got 2 sessions for ...
2025-10-10 15:14:26.887 [info] Getting sessions for all scopes...
2025-10-10 15:14:26.887 [info] Got 2 sessions for ...
2025-10-10 15:14:26.887 [info] Getting sessions for all scopes...
2025-10-10 15:14:26.887 [info] Got 2 sessions for ...
2025-10-10 15:14:26.887 [info] Getting sessions for user:email...
2025-10-10 15:14:26.887 [info] Got 1 sessions for user:email...
2025-10-10 15:14:26.887 [info] Getting sessions for all scopes...
2025-10-10 15:14:26.887 [info] Got 2 sessions for ...
2025-10-10 15:14:26.887 [info] Getting sessions for all scopes...
2025-10-10 15:14:26.887 [info] Got 2 sessions for ...
2025-10-10 15:14:26.887 [info] Getting sessions for all scopes...
2025-10-10 15:14:26.887 [info] Got 2 sessions for ...
2025-10-10 15:14:26.887 [info] Getting sessions for all scopes...
2025-10-10 15:14:26.887 [info] Got 2 sessions for ...
2025-10-10 15:14:26.887 [info] Getting sessions for all scopes...
2025-10-10 15:14:26.887 [info] Got 2 sessions for ...
2025-10-10 15:14:26.887 [info] Getting sessions for all scopes...
2025-10-10 15:14:26.887 [info] Got 2 sessions for ...
2025-10-10 15:14:26.887 [info] Getting sessions for all scopes...
2025-10-10 15:14:26.887 [info] Got 2 sessions for ...
2025-10-10 15:14:26.887 [info] Getting sessions for all scopes...
2025-10-10 15:14:26.887 [info] Got 2 sessions for ...
2025-10-10 15:14:26.887 [info] Getting sessions for all scopes...
2025-10-10 15:14:26.887 [info] Got 2 sessions for ...
2025-10-10 15:14:26.887 [info] Getting sessions for all scopes...
2025-10-10 15:14:26.887 [info] Got 2 sessions for ...
2025-10-10 15:14:26.887 [info] Getting sessions for all scopes...
2025-10-10 15:14:26.887 [info] Got 2 sessions for ...
2025-10-10 15:14:26.887 [info] Getting sessions for all scopes...
2025-10-10 15:14:26.887 [info] Got 2 sessions for ...
2025-10-10 15:14:26.887 [info] Getting sessions for all scopes...
2025-10-10 15:14:26.887 [info] Got 2 sessions for ...
2025-10-10 15:14:26.887 [info] Getting sessions for all scopes...
2025-10-10 15:14:26.887 [info] Got 2 sessions for ...
2025-10-10 15:14:26.887 [info] Getting sessions for read:user,repo,user:email,workflow...
2025-10-10 15:14:26.887 [info] Got 1 sessions for read:user,repo,user:email,workflow...
2025-10-10 15:14:35.730 [info] fetching: Electron fetch failed with status: 429 
2025-10-10 15:14:37.757 [info] Getting sessions for all scopes...
2025-10-10 15:14:37.757 [info] Got 2 sessions for ...
2025-10-10 15:14:37.759 [info] Getting sessions for user:email...
2025-10-10 15:14:37.759 [info] Got 1 sessions for user:email...
2025-10-10 15:14:37.773 [info] Getting sessions for all scopes...
2025-10-10 15:14:37.773 [info] Got 2 sessions for ...
2025-10-10 15:14:40.363 [info] fetching: Node fetch failed with status: 429 Too Many Requests
2025-10-10 15:14:40.676 [info] Getting sessions for all scopes...
2025-10-10 15:14:40.676 [info] Got 2 sessions for ...
2025-10-10 15:14:40.771 [info] Getting sessions for read:user,repo,user:email,workflow...
2025-10-10 15:14:40.771 [info] Got 1 sessions for read:user,repo,user:email,workflow...
2025-10-10 15:14:40.859 [info] Getting sessions for all scopes...
2025-10-10 15:14:40.859 [info] Got 2 sessions for ...
2025-10-10 15:14:40.860 [info] Getting sessions for read:user,repo,user:email,workflow...
2025-10-10 15:14:40.860 [info] Got 1 sessions for read:user,repo,user:email,workflow...
2025-10-10 15:14:40.941 [info] Getting sessions for read:user,repo,user:email,workflow...
2025-10-10 15:14:40.941 [info] Got 1 sessions for read:user,repo,user:email,workflow...
2025-10-10 15:14:41.079 [info] fetching: Node http/s failed with status: 429 Too Many Requests
2025-10-10 15:14:41.334 [info] Getting sessions for all scopes...
2025-10-10 15:14:41.334 [info] Got 2 sessions for ...
2025-10-10 15:14:41.335 [info] Getting sessions for all scopes...
2025-10-10 15:14:41.335 [info] Got 2 sessions for ...
2025-10-10 15:14:42.106 [info] Getting sessions for read:user,repo,user:email,workflow...
2025-10-10 15:14:42.106 [info] Got 1 sessions for read:user,repo,user:email,workflow...
2025-10-10 15:14:42.451 [info] Getting sessions for all scopes...
2025-10-10 15:14:42.451 [info] Got 2 sessions for ...
2025-10-10 15:14:42.853 [info] Getting sessions for read:user,repo,user:email,workflow...
2025-10-10 15:14:42.853 [info] Got 1 sessions for read:user,repo,user:email,workflow...
2025-10-10 15:14:43.364 [info] Getting sessions for all scopes...
2025-10-10 15:14:43.364 [info] Got 2 sessions for ...
2025-10-10 15:14:43.839 [info] Getting sessions for all scopes...
2025-10-10 15:14:43.839 [info] Got 2 sessions for ...
2025-10-10 15:14:44.377 [info] Getting sessions for read:user,repo,user:email,workflow...
2025-10-10 15:14:44.377 [info] Got 1 sessions for read:user,repo,user:email,workflow...
2025-10-10 15:14:44.407 [info] Getting sessions for all scopes...
2025-10-10 15:14:44.407 [info] Got 2 sessions for ...
2025-10-10 15:14:44.419 [info] Getting sessions for read:user,repo,user:email,workflow...
2025-10-10 15:14:44.419 [info] Got 1 sessions for read:user,repo,user:email,workflow...
2025-10-10 15:14:45.272 [info] Getting sessions for all scopes...
2025-10-10 15:14:45.272 [info] Got 2 sessions for ...
2025-10-10 15:14:45.293 [info] Getting sessions for all scopes...
2025-10-10 15:14:45.293 [info] Got 2 sessions for ...
2025-10-10 15:14:45.355 [info] Getting sessions for read:user,repo,user:email,workflow...
2025-10-10 15:14:45.355 [info] Got 1 sessions for read:user,repo,user:email,workflow...
2025-10-10 15:14:45.408 [info] Getting sessions for all scopes...
2025-10-10 15:14:45.408 [info] Got 2 sessions for ...
2025-10-10 15:14:45.416 [info] Getting sessions for all scopes...
2025-10-10 15:14:45.416 [info] Got 2 sessions for ...
2025-10-10 15:14:45.419 [info] Getting sessions for all scopes...
2025-10-10 15:14:45.419 [info] Got 2 sessions for ...
2025-10-10 15:14:45.424 [info] Getting sessions for read:user,repo,user:email,workflow...
2025-10-10 15:14:45.424 [info] Got 1 sessions for read:user,repo,user:email,workflow...
2025-10-10 15:14:45.467 [info] Getting sessions for all scopes...
2025-10-10 15:14:45.467 [info] Got 2 sessions for ...
2025-10-10 15:14:45.498 [info] Getting sessions for read:user,repo,user:email,workflow...
2025-10-10 15:14:45.499 [info] Got 1 sessions for read:user,repo,user:email,workflow...
2025-10-10 15:14:47.164 [info] Getting sessions for all scopes...
2025-10-10 15:14:47.164 [info] Got 2 sessions for ...
2025-10-10 15:14:49.442 [info] Getting sessions for all scopes...
2025-10-10 15:14:49.442 [info] Got 2 sessions for ...
2025-10-10 15:14:49.451 [info] Getting sessions for read:user,repo,user:email,workflow...
2025-10-10 15:14:49.451 [info] Got 1 sessions for read:user,repo,user:email,workflow...
2025-10-10 15:14:50.109 [info] Getting sessions for all scopes...
2025-10-10 15:14:50.111 [info] Got 2 sessions for ...
2025-10-10 15:14:50.122 [info] Getting sessions for read:user,repo,user:email,workflow...
2025-10-10 15:14:50.122 [info] Got 1 sessions for read:user,repo,user:email,workflow...
2025-10-10 15:14:50.901 [info] Getting sessions for all scopes...
2025-10-10 15:14:50.901 [info] Got 2 sessions for ...
2025-10-10 15:14:50.912 [info] Getting sessions for read:user,repo,user:email,workflow...
2025-10-10 15:14:50.912 [info] Got 1 sessions for read:user,repo,user:email,workflow...
