2025-10-10 21:03:27.580 [info] Reading sessions from keychain...
2025-10-10 21:03:27.580 [info] Got stored sessions!
2025-10-10 21:03:27.580 [info] Got 2 verified sessions.
2025-10-10 21:03:27.580 [info] Getting sessions for all scopes...
2025-10-10 21:03:27.580 [info] Got 2 sessions for ...
2025-10-10 21:03:27.580 [info] Getting sessions for all scopes...
2025-10-10 21:03:27.581 [info] Got 2 sessions for ...
2025-10-10 21:03:27.581 [info] Getting sessions for all scopes...
2025-10-10 21:03:27.581 [info] Got 2 sessions for ...
2025-10-10 21:03:27.581 [info] Getting sessions for all scopes...
2025-10-10 21:03:27.581 [info] Got 2 sessions for ...
2025-10-10 21:03:27.581 [info] Getting sessions for all scopes...
2025-10-10 21:03:27.581 [info] Got 2 sessions for ...
2025-10-10 21:03:27.581 [info] Getting sessions for all scopes...
2025-10-10 21:03:27.581 [info] Got 2 sessions for ...
2025-10-10 21:03:27.581 [info] Getting sessions for all scopes...
2025-10-10 21:03:27.581 [info] Got 2 sessions for ...
2025-10-10 21:03:27.581 [info] Getting sessions for all scopes...
2025-10-10 21:03:27.581 [info] Got 2 sessions for ...
2025-10-10 21:03:27.581 [info] Getting sessions for all scopes...
2025-10-10 21:03:27.581 [info] Got 2 sessions for ...
2025-10-10 21:03:27.581 [info] Getting sessions for all scopes...
2025-10-10 21:03:27.581 [info] Got 2 sessions for ...
2025-10-10 21:03:27.581 [info] Getting sessions for all scopes...
2025-10-10 21:03:27.581 [info] Got 2 sessions for ...
2025-10-10 21:03:27.581 [info] Getting sessions for all scopes...
2025-10-10 21:03:27.581 [info] Got 2 sessions for ...
2025-10-10 21:03:27.581 [info] Getting sessions for all scopes...
2025-10-10 21:03:27.581 [info] Got 2 sessions for ...
2025-10-10 21:03:27.581 [info] Getting sessions for all scopes...
2025-10-10 21:03:27.581 [info] Got 2 sessions for ...
2025-10-10 21:03:27.581 [info] Getting sessions for all scopes...
2025-10-10 21:03:27.581 [info] Got 2 sessions for ...
2025-10-10 21:03:27.581 [info] Getting sessions for read:user,repo,user:email,workflow...
2025-10-10 21:03:27.581 [info] Got 1 sessions for read:user,repo,user:email,workflow...
2025-10-10 21:03:33.950 [info] fetching: Electron fetch failed with status: 429 
2025-10-10 21:03:34.701 [info] Getting sessions for all scopes...
2025-10-10 21:03:34.701 [info] Got 2 sessions for ...
2025-10-10 21:03:35.592 [info] Getting sessions for all scopes...
2025-10-10 21:03:35.592 [info] Got 2 sessions for ...
2025-10-10 21:03:35.594 [info] Getting sessions for all scopes...
2025-10-10 21:03:35.594 [info] Got 2 sessions for ...
2025-10-10 21:03:35.649 [info] Getting sessions for all scopes...
2025-10-10 21:03:35.650 [info] Got 2 sessions for ...
2025-10-10 21:03:35.650 [info] Getting sessions for read:user,repo,user:email,workflow...
2025-10-10 21:03:35.650 [info] Got 1 sessions for read:user,repo,user:email,workflow...
2025-10-10 21:03:35.662 [info] Getting sessions for read:user,repo,user:email,workflow...
2025-10-10 21:03:35.662 [info] Got 1 sessions for read:user,repo,user:email,workflow...
2025-10-10 21:03:35.681 [info] Getting sessions for read:user,repo,user:email,workflow...
2025-10-10 21:03:35.681 [info] Got 1 sessions for read:user,repo,user:email,workflow...
2025-10-10 21:03:35.747 [info] fetching: Node fetch failed with status: 429 Too Many Requests
2025-10-10 21:03:36.167 [info] Getting sessions for all scopes...
2025-10-10 21:03:36.167 [info] Got 2 sessions for ...
2025-10-10 21:03:36.195 [info] Getting sessions for user:email...
2025-10-10 21:03:36.195 [info] Got 1 sessions for user:email...
2025-10-10 21:03:36.449 [info] Getting sessions for read:user,repo,user:email,workflow...
2025-10-10 21:03:36.449 [info] Got 1 sessions for read:user,repo,user:email,workflow...
2025-10-10 21:03:36.508 [info] Getting sessions for all scopes...
2025-10-10 21:03:36.509 [info] Got 2 sessions for ...
2025-10-10 21:03:36.513 [info] Getting sessions for all scopes...
2025-10-10 21:03:36.513 [info] Got 2 sessions for ...
2025-10-10 21:03:36.514 [info] Getting sessions for read:user,repo,user:email,workflow...
2025-10-10 21:03:36.515 [info] Got 1 sessions for read:user,repo,user:email,workflow...
2025-10-10 21:03:36.520 [info] fetching: Node http/s failed with status: 429 Too Many Requests
2025-10-10 21:03:37.497 [info] Getting sessions for all scopes...
2025-10-10 21:03:37.497 [info] Got 2 sessions for ...
2025-10-10 21:03:37.497 [info] Getting sessions for all scopes...
2025-10-10 21:03:37.497 [info] Got 2 sessions for ...
2025-10-10 21:03:37.568 [info] Getting sessions for read:user,repo,user:email,workflow...
2025-10-10 21:03:37.568 [info] Got 1 sessions for read:user,repo,user:email,workflow...
2025-10-10 21:03:37.570 [info] Getting sessions for all scopes...
2025-10-10 21:03:37.570 [info] Got 2 sessions for ...
2025-10-10 21:03:37.572 [info] Getting sessions for read:user,repo,user:email,workflow...
2025-10-10 21:03:37.572 [info] Got 1 sessions for read:user,repo,user:email,workflow...
2025-10-10 21:03:37.685 [info] Getting sessions for all scopes...
2025-10-10 21:03:37.685 [info] Got 2 sessions for ...
2025-10-10 21:03:37.685 [info] Getting sessions for all scopes...
2025-10-10 21:03:37.685 [info] Got 2 sessions for ...
2025-10-10 21:03:37.694 [info] Getting sessions for read:user,repo,user:email,workflow...
2025-10-10 21:03:37.694 [info] Got 1 sessions for read:user,repo,user:email,workflow...
2025-10-10 21:03:37.706 [info] Getting sessions for all scopes...
2025-10-10 21:03:37.706 [info] Got 2 sessions for ...
2025-10-10 21:03:37.708 [info] Getting sessions for all scopes...
2025-10-10 21:03:37.708 [info] Got 2 sessions for ...
2025-10-10 21:03:38.117 [info] Getting sessions for all scopes...
2025-10-10 21:03:38.117 [info] Got 2 sessions for ...
2025-10-10 21:03:38.118 [info] Getting sessions for read:user,repo,user:email,workflow...
2025-10-10 21:03:38.118 [info] Got 1 sessions for read:user,repo,user:email,workflow...
2025-10-10 21:03:38.121 [info] Getting sessions for all scopes...
2025-10-10 21:03:38.121 [info] Got 2 sessions for ...
2025-10-10 21:03:38.124 [info] Getting sessions for read:user,repo,user:email,workflow...
2025-10-10 21:03:38.124 [info] Got 1 sessions for read:user,repo,user:email,workflow...
2025-10-10 21:03:43.943 [info] Getting sessions for all scopes...
2025-10-10 21:03:43.943 [info] Got 2 sessions for ...
2025-10-10 21:04:06.030 [info] Getting sessions for all scopes...
2025-10-10 21:04:06.030 [info] Got 2 sessions for ...
2025-10-10 21:04:06.030 [info] Getting sessions for all scopes...
2025-10-10 21:04:06.030 [info] Got 2 sessions for ...
2025-10-10 21:04:06.039 [info] Getting sessions for all scopes...
2025-10-10 21:04:06.039 [info] Got 2 sessions for ...
