2025-10-08 10:30:39.305 [info] [main] Log level: Info
2025-10-08 10:30:39.305 [info] [main] Validating found git in: "git"
2025-10-08 10:30:39.305 [info] [main] Using git "2.51.0" from "git"
2025-10-08 10:30:39.305 [info] [Model][doInitialScan] Initial repository scan started
2025-10-08 10:30:39.305 [info] > git rev-parse --show-toplevel [573ms]
2025-10-08 10:30:39.305 [info] > git rev-parse --git-dir --git-common-dir --show-superproject-working-tree [119ms]
2025-10-08 10:30:39.305 [info] [Model][openRepository] Opened repository (path): /home/saif/Dev/work/goby
2025-10-08 10:30:39.305 [info] [Model][openRepository] Opened repository (real path): /home/saif/Dev/work/goby
2025-10-08 10:30:39.305 [info] [Model][openRepository] Opened repository (kind): repository
2025-10-08 10:30:39.573 [info] > git rev-parse --show-toplevel [255ms]
2025-10-08 10:30:39.574 [info] > git config --get commit.template [261ms]
2025-10-08 10:30:51.328 [info] > git check-ignore -v -z --stdin [1133ms]
2025-10-08 10:30:51.333 [info] > git for-each-ref --format=%(refname)%00%(upstream:short)%00%(objectname)%00%(upstream:track)%00%(upstream:remotename)%00%(upstream:remoteref) refs/heads/saif refs/remotes/saif [475ms]
2025-10-08 10:30:53.640 [info] > git status -z -uall [1390ms]
2025-10-08 10:30:53.679 [info] > git for-each-ref --sort -committerdate --format %(refname)%00%(objectname)%00%(*objectname) [1402ms]
2025-10-08 10:30:53.929 [info] > git for-each-ref --format=%(refname)%00%(upstream:short)%00%(objectname)%00%(upstream:track)%00%(upstream:remotename)%00%(upstream:remoteref) refs/heads/saif refs/remotes/saif [117ms]
2025-10-08 10:30:53.975 [info] > git config --get --local branch.saif.vscode-merge-base [28ms]
2025-10-08 10:30:53.975 [warning] [Git][config] git config failed: Failed to execute git
2025-10-08 10:30:54.010 [info] > git config --get commit.template [84ms]
2025-10-08 10:30:54.011 [info] > git rev-parse --show-toplevel [114ms]
2025-10-08 10:30:54.100 [info] > git rev-parse --show-toplevel [48ms]
2025-10-08 10:30:54.135 [info] > git for-each-ref --format=%(refname)%00%(upstream:short)%00%(objectname)%00%(upstream:track)%00%(upstream:remotename)%00%(upstream:remoteref) refs/heads/saif refs/remotes/saif [42ms]
2025-10-08 10:30:54.141 [info] > git rev-parse --show-toplevel [8ms]
2025-10-08 10:30:54.204 [info] > git status -z -uall [25ms]
2025-10-08 10:30:54.205 [info] > git rev-parse --show-toplevel [47ms]
2025-10-08 10:30:54.333 [info] > git rev-parse --show-toplevel [103ms]
2025-10-08 10:30:54.334 [info] > git for-each-ref --sort -committerdate --format %(refname)%00%(objectname)%00%(*objectname) [131ms]
2025-10-08 10:30:54.344 [info] > git reflog saif --grep-reflog=branch: Created from *. [339ms]
2025-10-08 10:30:55.136 [info] > git rev-parse --show-toplevel [268ms]
2025-10-08 10:30:55.137 [info] > git symbolic-ref --short refs/remotes/origin/HEAD [778ms]
2025-10-08 10:30:55.400 [info] > git for-each-ref --format=%(refname)%00%(upstream:short)%00%(objectname)%00%(upstream:track)%00%(upstream:remotename)%00%(upstream:remoteref) refs/heads/origin/saif refs/remotes/origin/saif [247ms]
2025-10-08 10:30:55.450 [info] > git config --add --local branch.saif.vscode-merge-base origin/saif [11ms]
2025-10-08 10:30:55.452 [info] > git rev-parse --show-toplevel [142ms]
2025-10-08 10:30:55.645 [info] > git rev-parse --show-toplevel [72ms]
2025-10-08 10:30:55.645 [info] > git config --get commit.template [88ms]
2025-10-08 10:30:55.761 [info] > git rev-parse --show-toplevel [90ms]
2025-10-08 10:30:55.802 [info] > git for-each-ref --format=%(refname)%00%(upstream:short)%00%(objectname)%00%(upstream:track)%00%(upstream:remotename)%00%(upstream:remoteref) refs/heads/saif refs/remotes/saif [68ms]
2025-10-08 10:30:55.804 [info] > git rev-parse --show-toplevel [4ms]
2025-10-08 10:30:55.858 [info] > git status -z -uall [25ms]
2025-10-08 10:30:55.858 [info] > git rev-parse --show-toplevel [41ms]
2025-10-08 10:30:55.899 [info] > git rev-parse --show-toplevel [25ms]
2025-10-08 10:30:55.899 [info] > git for-each-ref --sort -committerdate --format %(refname)%00%(objectname)%00%(*objectname) [42ms]
2025-10-08 10:30:55.962 [info] > git merge-base refs/heads/saif refs/remotes/origin/saif [39ms]
2025-10-08 10:30:56.060 [info] > git diff --name-status -z --diff-filter=ADMR f5ab6a072d6ef2e75580c04aaae7bbe9d469d71d...refs/remotes/origin/saif [77ms]
2025-10-08 10:30:56.062 [info] > git rev-parse --show-toplevel [105ms]
2025-10-08 10:30:56.062 [info] > git merge-base refs/heads/saif refs/remotes/origin/saif [121ms]
2025-10-08 10:30:56.138 [info] > git diff --name-status -z --diff-filter=ADMR f5ab6a072d6ef2e75580c04aaae7bbe9d469d71d...refs/remotes/origin/saif [56ms]
2025-10-08 10:30:56.147 [info] > git rev-parse --show-toplevel [16ms]
2025-10-08 10:30:56.180 [info] > git rev-parse --show-toplevel [6ms]
2025-10-08 10:30:56.185 [info] [Model][doInitialScan] Initial repository scan completed - repositories (1), closed repositories (0), parent repositories (0), unsafe repositories (0)
2025-10-08 10:30:56.246 [info] > git show --textconv :delivery/views.py [40ms]
2025-10-08 10:30:56.247 [info] > git ls-files --stage -- delivery/views.py [25ms]
2025-10-08 10:30:56.431 [info] > git cat-file -s 220769eb001446128adff82e858734427a2838a9 [164ms]
2025-10-08 10:30:56.432 [info] > git config --get commit.template [189ms]
2025-10-08 10:30:56.519 [info] > git for-each-ref --format=%(refname)%00%(upstream:short)%00%(objectname)%00%(upstream:track)%00%(upstream:remotename)%00%(upstream:remoteref) refs/heads/saif refs/remotes/saif [13ms]
2025-10-08 10:30:56.574 [info] > git status -z -uall [27ms]
2025-10-08 10:30:56.589 [info] > git for-each-ref --sort -committerdate --format %(refname)%00%(objectname)%00%(*objectname) [18ms]
2025-10-08 10:30:58.240 [info] > git ls-files --stage -- delivery/views.py [8ms]
2025-10-08 10:30:58.284 [info] > git cat-file -s 220769eb001446128adff82e858734427a2838a9 [8ms]
2025-10-08 10:30:58.345 [info] > git show --textconv :delivery/views.py [23ms]
2025-10-08 10:36:07.780 [info] > git config --get commit.template [55ms]
2025-10-08 10:36:07.786 [info] > git for-each-ref --format=%(refname)%00%(upstream:short)%00%(objectname)%00%(upstream:track)%00%(upstream:remotename)%00%(upstream:remoteref) refs/heads/saif refs/remotes/saif [19ms]
2025-10-08 10:36:07.886 [info] > git status -z -uall [65ms]
2025-10-08 10:36:07.891 [info] > git for-each-ref --sort -committerdate --format %(refname)%00%(objectname)%00%(*objectname) [29ms]
2025-10-08 10:36:12.992 [info] > git config --get commit.template [8ms]
2025-10-08 10:36:13.038 [info] > git for-each-ref --format=%(refname)%00%(upstream:short)%00%(objectname)%00%(upstream:track)%00%(upstream:remotename)%00%(upstream:remoteref) refs/heads/saif refs/remotes/saif [6ms]
2025-10-08 10:36:13.148 [info] > git status -z -uall [61ms]
2025-10-08 10:36:13.151 [info] > git for-each-ref --sort -committerdate --format %(refname)%00%(objectname)%00%(*objectname) [8ms]
2025-10-08 10:36:45.237 [info] > git log --format=%H%n%aN%n%aE%n%at%n%ct%n%P%n%D%n%B -z -n32 -- /home/saif/Dev/work/goby/delivery/views.py [51ms]
2025-10-08 10:36:45.270 [info] > git diff --name-status -z --diff-filter=ADMR 0b00f7bb87a4ed901af87be75031ed651bc5ee80...f5ab6a072d6ef2e75580c04aaae7bbe9d469d71d [3ms]
2025-10-08 10:36:45.322 [info] > git diff --name-status -z --diff-filter=ADMR 295ee8ae0f652f3502ac52644fcd9a79c8be360a...36dafcc09ef3fdee13667e43f01cc078ca8bba3a [33ms]
2025-10-08 10:36:45.375 [info] > git diff --name-status -z --diff-filter=ADMR 6b044febca2446f9896ecd18cf60c37e8339c4c2...d5ff553b337c8916086db4798e2f3be2bb908261 [2ms]
2025-10-08 10:36:45.426 [info] > git diff --name-status -z --diff-filter=ADMR 34e1231fc67b70ab4a4990842004748fe2cde28a...5e90b79c00566e82569383486db0727d921988fd [28ms]
2025-10-08 10:36:45.450 [info] > git diff --name-status -z --diff-filter=ADMR 2599d27381c0cea82129fe2889939e115fdf96ae...31c73a355df30dcbfe16dce5fc86bb965ed0d6d9 [2ms]
2025-10-08 10:36:45.493 [info] > git diff --name-status -z --diff-filter=ADMR 45ff56392279794693b45dfbaeeb83be652ceaf2...2599d27381c0cea82129fe2889939e115fdf96ae [23ms]
2025-10-08 10:36:45.539 [info] > git diff --name-status -z --diff-filter=ADMR d97fc5f9bb7a125bbb2dd421d4d1b63edf7a9c3b...11d4a5d354e59081fb4c2068a99f8c550da55067 [6ms]
2025-10-08 10:36:45.559 [info] > git diff --name-status -z --diff-filter=ADMR aa0be63ccfc9781ca0ac0dfa3d51067ee8d5f520...74629ec6bacc4744ff85d198bec3de2636d80e93 [8ms]
2025-10-08 10:36:45.613 [info] > git diff --name-status -z --diff-filter=ADMR 41a013f6a8f1da1c985c85f9b7291e883f673dc2...2f51c3ccde00d49a801a9abcb47afe8c213228c3 [2ms]
2025-10-08 10:36:45.644 [info] > git diff --name-status -z --diff-filter=ADMR cc3e3682f54bd72fd1eabd21e5be5a87a7042d6c...0c3f51c66a5b5b2a1e22891b4f6fb7bfd734e669 [2ms]
2025-10-08 10:36:45.684 [info] > git diff --name-status -z --diff-filter=ADMR bfbfce45ecad23f5fa2366254361dfda7ffa2a1b...7e915958542cf038a73b4915f9121690fb244ae6 [10ms]
2025-10-08 10:36:45.826 [info] > git diff --name-status -z --diff-filter=ADMR 4a6b4b8159ca68cfc04d4673c2e2b93dd6a5f62a...fcf1f56c73de9189dc788ece79b813aa81d7d155 [3ms]
2025-10-08 10:36:46.120 [info] > git diff --name-status -z --diff-filter=ADMR 4e97821f4829bdf8274d2a9a71b6d19147b4c688...f3d6016009678e4e4ae8f3e3ee9a4b0bff9ca770 [191ms]
2025-10-08 10:37:06.311 [info] > git diff --name-status -z --diff-filter=ADMR b40a6e3360243188a70a36fe781601354f2b123c...9dfd18214d30b423d8aee4dff8f329bfb80e059a [85ms]
2025-10-08 10:37:06.350 [info] > git diff --name-status -z --diff-filter=ADMR 15f3c28e88a1d6043bb4a3b4d4a7c1b58bfeb745...b40a6e3360243188a70a36fe781601354f2b123c [3ms]
2025-10-08 10:37:06.411 [info] > git diff --name-status -z --diff-filter=ADMR eb82c3378412e9c2e68299e59c902273e851690b...838f138dfb77fc81320d6bdf4b530129b0af537a [5ms]
2025-10-08 10:37:06.456 [info] > git diff --name-status -z --diff-filter=ADMR 88d0b6969d9aad8f4f8b2b542bd80922999174e4...eb82c3378412e9c2e68299e59c902273e851690b [7ms]
2025-10-08 10:37:06.531 [info] > git diff --name-status -z --diff-filter=ADMR 5ddc7bfe31465b8264cfce13b96247805b3811dc...fe73dc9ee239cb7bd46f3cdf5dc2abb800c04335 [16ms]
2025-10-08 10:37:30.198 [info] > git diff --name-status -z --diff-filter=ADMR @{upstream} [197ms]
2025-10-08 10:37:31.432 [info] > git for-each-ref --format=%(refname)%00%(upstream:short)%00%(objectname)%00%(upstream:track)%00%(upstream:remotename)%00%(upstream:remoteref) refs/heads/saif refs/remotes/saif [11ms]
2025-10-08 10:37:31.433 [info] > git config --get commit.template [56ms]
2025-10-08 10:37:31.619 [info] > git status -z -uall [103ms]
2025-10-08 10:37:31.619 [info] > git for-each-ref --sort -committerdate --format %(refname)%00%(objectname)%00%(*objectname) [53ms]
2025-10-08 10:37:31.709 [info] > git ls-files --stage -- delivery/views.py [25ms]
2025-10-08 10:37:31.764 [info] > git cat-file -s 220769eb001446128adff82e858734427a2838a9 [14ms]
2025-10-08 10:37:31.866 [info] > git show --textconv :delivery/views.py [12ms]
2025-10-08 10:37:50.459 [info] > git diff --name-status -z --diff-filter=ADMR @{upstream} [102ms]
2025-10-08 10:39:29.898 [info] > git diff --name-status -z --diff-filter=ADMR @{upstream} [5ms]
2025-10-08 10:40:15.574 [info] > git config --get commit.template [35ms]
2025-10-08 10:40:15.577 [info] > git for-each-ref --format=%(refname)%00%(upstream:short)%00%(objectname)%00%(upstream:track)%00%(upstream:remotename)%00%(upstream:remoteref) refs/heads/saif-refactor-payment refs/remotes/saif-refactor-payment [3ms]
2025-10-08 10:40:15.675 [info] > git status -z -uall [57ms]
2025-10-08 10:40:15.678 [info] > git for-each-ref --sort -committerdate --format %(refname)%00%(objectname)%00%(*objectname) [10ms]
2025-10-08 10:40:15.788 [info] > git for-each-ref --format=%(refname)%00%(upstream:short)%00%(objectname)%00%(upstream:track)%00%(upstream:remotename)%00%(upstream:remoteref) refs/heads/saif-refactor-payment refs/remotes/saif-refactor-payment [48ms]
2025-10-08 10:40:15.853 [info] > git config --get --local branch.saif-refactor-payment.vscode-merge-base [16ms]
2025-10-08 10:40:15.853 [warning] [Git][config] git config failed: Failed to execute git
2025-10-08 10:40:15.889 [info] > git ls-files --stage -- delivery/views.py [104ms]
2025-10-08 10:40:15.928 [info] > git reflog saif-refactor-payment --grep-reflog=branch: Created from *. [40ms]
2025-10-08 10:40:15.970 [info] > git cat-file -s 220769eb001446128adff82e858734427a2838a9 [44ms]
2025-10-08 10:40:16.010 [info] > git reflog HEAD --grep-reflog=checkout: moving from .* to saif-refactor-payment [41ms]
2025-10-08 10:40:16.057 [info] > git show --textconv :delivery/views.py [47ms]
2025-10-08 10:40:16.061 [info] > git for-each-ref --format=%(refname)%00%(upstream:short)%00%(objectname)%00%(upstream:track)%00%(upstream:remotename)%00%(upstream:remoteref) refs/heads/saif refs/remotes/saif [5ms]
2025-10-08 10:40:16.109 [info] > git for-each-ref --format=%(refname)%00%(upstream:short)%00%(objectname)%00%(upstream:track)%00%(upstream:remotename)%00%(upstream:remoteref) refs/remotes/origin/saif [4ms]
2025-10-08 10:40:16.159 [info] > git config --add --local branch.saif-refactor-payment.vscode-merge-base origin/saif [5ms]
2025-10-08 10:40:16.209 [info] > git config --get commit.template [4ms]
2025-10-08 10:40:16.255 [info] > git for-each-ref --format=%(refname)%00%(upstream:short)%00%(objectname)%00%(upstream:track)%00%(upstream:remotename)%00%(upstream:remoteref) refs/heads/saif-refactor-payment refs/remotes/saif-refactor-payment [11ms]
2025-10-08 10:40:16.345 [info] > git status -z -uall [45ms]
2025-10-08 10:40:16.353 [info] > git for-each-ref --sort -committerdate --format %(refname)%00%(objectname)%00%(*objectname) [8ms]
2025-10-08 10:40:17.395 [info] > git ls-files --stage -- delivery/views.py [4ms]
2025-10-08 10:40:17.430 [info] > git cat-file -s 220769eb001446128adff82e858734427a2838a9 [4ms]
2025-10-08 10:40:17.475 [info] > git show --textconv :delivery/views.py [5ms]
2025-10-08 10:41:29.993 [info] > git diff --name-status -z --diff-filter=ADMR @{upstream} [23ms]
2025-10-08 10:41:29.994 [info] fatal: no upstream configured for branch 'saif-refactor-payment'
2025-10-08 10:42:41.100 [info] > git check-ignore -v -z --stdin [2ms]
2025-10-08 10:42:41.564 [info] > git config --get commit.template [26ms]
2025-10-08 10:42:41.565 [info] > git for-each-ref --format=%(refname)%00%(upstream:short)%00%(objectname)%00%(upstream:track)%00%(upstream:remotename)%00%(upstream:remoteref) refs/heads/saif-refactor-payment refs/remotes/saif-refactor-payment [6ms]
2025-10-08 10:42:41.604 [info] > git status -z -uall [20ms]
2025-10-08 10:42:41.615 [info] > git for-each-ref --sort -committerdate --format %(refname)%00%(objectname)%00%(*objectname) [12ms]
2025-10-08 10:42:49.671 [info] > git check-ignore -v -z --stdin [18ms]
2025-10-08 10:42:50.440 [info] > git config --get commit.template [3ms]
2025-10-08 10:42:50.465 [info] > git for-each-ref --format=%(refname)%00%(upstream:short)%00%(objectname)%00%(upstream:track)%00%(upstream:remotename)%00%(upstream:remoteref) refs/heads/saif-refactor-payment refs/remotes/saif-refactor-payment [3ms]
2025-10-08 10:42:50.510 [info] > git status -z -uall [25ms]
2025-10-08 10:42:50.512 [info] > git for-each-ref --sort -committerdate --format %(refname)%00%(objectname)%00%(*objectname) [3ms]
2025-10-08 10:43:02.887 [info] > git check-ignore -v -z --stdin [2ms]
2025-10-08 10:43:03.730 [info] > git config --get commit.template [35ms]
2025-10-08 10:43:03.733 [info] > git for-each-ref --format=%(refname)%00%(upstream:short)%00%(objectname)%00%(upstream:track)%00%(upstream:remotename)%00%(upstream:remoteref) refs/heads/saif-refactor-payment refs/remotes/saif-refactor-payment [7ms]
2025-10-08 10:43:03.799 [info] > git status -z -uall [34ms]
2025-10-08 10:43:03.803 [info] > git for-each-ref --sort -committerdate --format %(refname)%00%(objectname)%00%(*objectname) [5ms]
2025-10-08 10:43:13.394 [info] > git check-ignore -v -z --stdin [2ms]
2025-10-08 10:43:14.409 [info] > git config --get commit.template [32ms]
2025-10-08 10:43:14.411 [info] > git for-each-ref --format=%(refname)%00%(upstream:short)%00%(objectname)%00%(upstream:track)%00%(upstream:remotename)%00%(upstream:remoteref) refs/heads/saif-refactor-payment refs/remotes/saif-refactor-payment [4ms]
2025-10-08 10:43:14.483 [info] > git status -z -uall [38ms]
2025-10-08 10:43:14.487 [info] > git for-each-ref --sort -committerdate --format %(refname)%00%(objectname)%00%(*objectname) [8ms]
2025-10-08 10:43:29.907 [info] > git diff --name-status -z --diff-filter=ADMR @{upstream} [2ms]
2025-10-08 10:43:29.907 [info] fatal: no upstream configured for branch 'saif-refactor-payment'
2025-10-08 10:43:46.906 [info] > git check-ignore -v -z --stdin [4ms]
2025-10-08 10:43:47.889 [info] > git config --get commit.template [31ms]
2025-10-08 10:43:47.891 [info] > git for-each-ref --format=%(refname)%00%(upstream:short)%00%(objectname)%00%(upstream:track)%00%(upstream:remotename)%00%(upstream:remoteref) refs/heads/saif-refactor-payment refs/remotes/saif-refactor-payment [3ms]
2025-10-08 10:43:47.947 [info] > git status -z -uall [26ms]
2025-10-08 10:43:47.952 [info] > git for-each-ref --sort -committerdate --format %(refname)%00%(objectname)%00%(*objectname) [12ms]
2025-10-08 10:44:12.851 [info] > git check-ignore -v -z --stdin [8ms]
2025-10-08 10:44:13.821 [info] > git for-each-ref --format=%(refname)%00%(upstream:short)%00%(objectname)%00%(upstream:track)%00%(upstream:remotename)%00%(upstream:remoteref) refs/heads/saif-refactor-payment refs/remotes/saif-refactor-payment [5ms]
2025-10-08 10:44:13.821 [info] > git config --get commit.template [60ms]
2025-10-08 10:44:13.943 [info] > git status -z -uall [87ms]
2025-10-08 10:44:13.944 [info] > git for-each-ref --sort -committerdate --format %(refname)%00%(objectname)%00%(*objectname) [48ms]
2025-10-08 10:44:46.766 [info] > git check-ignore -v -z --stdin [3ms]
2025-10-08 10:44:47.685 [info] > git config --get commit.template [33ms]
2025-10-08 10:44:47.690 [info] > git for-each-ref --format=%(refname)%00%(upstream:short)%00%(objectname)%00%(upstream:track)%00%(upstream:remotename)%00%(upstream:remoteref) refs/heads/saif-refactor-payment refs/remotes/saif-refactor-payment [6ms]
2025-10-08 10:44:47.765 [info] > git status -z -uall [32ms]
2025-10-08 10:44:47.767 [info] > git for-each-ref --sort -committerdate --format %(refname)%00%(objectname)%00%(*objectname) [4ms]
2025-10-08 10:45:18.485 [info] > git check-ignore -v -z --stdin [12ms]
2025-10-08 10:45:19.344 [info] > git config --get commit.template [26ms]
2025-10-08 10:45:19.347 [info] > git for-each-ref --format=%(refname)%00%(upstream:short)%00%(objectname)%00%(upstream:track)%00%(upstream:remotename)%00%(upstream:remoteref) refs/heads/saif-refactor-payment refs/remotes/saif-refactor-payment [5ms]
2025-10-08 10:45:19.409 [info] > git status -z -uall [30ms]
2025-10-08 10:45:19.411 [info] > git for-each-ref --sort -committerdate --format %(refname)%00%(objectname)%00%(*objectname) [3ms]
2025-10-08 10:45:29.899 [info] > git diff --name-status -z --diff-filter=ADMR @{upstream} [2ms]
2025-10-08 10:45:29.899 [info] fatal: no upstream configured for branch 'saif-refactor-payment'
2025-10-08 10:45:47.142 [info] > git check-ignore -v -z --stdin [2ms]
2025-10-08 10:45:47.674 [info] > git config --get commit.template [36ms]
2025-10-08 10:45:47.678 [info] > git for-each-ref --format=%(refname)%00%(upstream:short)%00%(objectname)%00%(upstream:track)%00%(upstream:remotename)%00%(upstream:remoteref) refs/heads/saif-refactor-payment refs/remotes/saif-refactor-payment [8ms]
2025-10-08 10:45:47.764 [info] > git status -z -uall [51ms]
2025-10-08 10:45:47.766 [info] > git for-each-ref --sort -committerdate --format %(refname)%00%(objectname)%00%(*objectname) [9ms]
2025-10-08 10:45:59.404 [info] > git check-ignore -v -z --stdin [1ms]
2025-10-08 10:46:02.413 [info] > git check-ignore -v -z --stdin [3ms]
2025-10-08 10:46:20.462 [info] > git check-ignore -v -z --stdin [11ms]
2025-10-08 10:46:21.333 [info] > git for-each-ref --format=%(refname)%00%(upstream:short)%00%(objectname)%00%(upstream:track)%00%(upstream:remotename)%00%(upstream:remoteref) refs/heads/saif-refactor-payment refs/remotes/saif-refactor-payment [10ms]
2025-10-08 10:46:21.334 [info] > git config --get commit.template [34ms]
2025-10-08 10:46:21.394 [info] > git status -z -uall [33ms]
2025-10-08 10:46:21.398 [info] > git for-each-ref --sort -committerdate --format %(refname)%00%(objectname)%00%(*objectname) [5ms]
2025-10-08 10:47:29.918 [info] > git diff --name-status -z --diff-filter=ADMR @{upstream} [2ms]
2025-10-08 10:47:29.918 [info] fatal: no upstream configured for branch 'saif-refactor-payment'
2025-10-08 10:48:43.283 [info] > git check-ignore -v -z --stdin [6ms]
2025-10-08 10:48:43.365 [info] > git show --textconv :delivery/views.py [26ms]
2025-10-08 10:48:43.372 [info] > git ls-files --stage -- delivery/views.py [10ms]
2025-10-08 10:48:43.398 [info] > git cat-file -s 220769eb001446128adff82e858734427a2838a9 [4ms]
2025-10-08 10:48:44.110 [info] > git config --get commit.template [50ms]
2025-10-08 10:48:44.112 [info] > git for-each-ref --format=%(refname)%00%(upstream:short)%00%(objectname)%00%(upstream:track)%00%(upstream:remotename)%00%(upstream:remoteref) refs/heads/saif-refactor-payment refs/remotes/saif-refactor-payment [14ms]
2025-10-08 10:48:44.203 [info] > git status -z -uall [42ms]
2025-10-08 10:48:44.211 [info] > git for-each-ref --sort -committerdate --format %(refname)%00%(objectname)%00%(*objectname) [11ms]
