2025-10-08 10:30:37.198 [info] Reading sessions from keychain...
2025-10-08 10:30:37.198 [info] Got stored sessions!
2025-10-08 10:30:37.198 [info] Got 2 verified sessions.
2025-10-08 10:30:37.198 [info] Getting sessions for all scopes...
2025-10-08 10:30:37.198 [info] Got 2 sessions for ...
2025-10-08 10:30:37.198 [info] Getting sessions for all scopes...
2025-10-08 10:30:37.198 [info] Got 2 sessions for ...
2025-10-08 10:30:37.198 [info] Getting sessions for all scopes...
2025-10-08 10:30:37.198 [info] Got 2 sessions for ...
2025-10-08 10:30:37.198 [info] Getting sessions for all scopes...
2025-10-08 10:30:37.198 [info] Got 2 sessions for ...
2025-10-08 10:30:37.198 [info] Getting sessions for all scopes...
2025-10-08 10:30:37.199 [info] Got 2 sessions for ...
2025-10-08 10:30:37.199 [info] Getting sessions for all scopes...
2025-10-08 10:30:37.199 [info] Got 2 sessions for ...
2025-10-08 10:30:37.199 [info] Getting sessions for user:email...
2025-10-08 10:30:37.199 [info] Got 1 sessions for user:email...
2025-10-08 10:30:37.199 [info] Getting sessions for all scopes...
2025-10-08 10:30:37.199 [info] Got 2 sessions for ...
2025-10-08 10:30:37.199 [info] Getting sessions for all scopes...
2025-10-08 10:30:37.199 [info] Got 2 sessions for ...
2025-10-08 10:30:37.199 [info] Getting sessions for all scopes...
2025-10-08 10:30:37.199 [info] Got 2 sessions for ...
2025-10-08 10:30:37.199 [info] Getting sessions for all scopes...
2025-10-08 10:30:37.199 [info] Got 2 sessions for ...
2025-10-08 10:30:37.199 [info] Getting sessions for all scopes...
2025-10-08 10:30:37.199 [info] Got 2 sessions for ...
2025-10-08 10:30:37.199 [info] Getting sessions for all scopes...
2025-10-08 10:30:37.199 [info] Got 2 sessions for ...
2025-10-08 10:30:37.199 [info] Getting sessions for all scopes...
2025-10-08 10:30:37.199 [info] Got 2 sessions for ...
2025-10-08 10:30:37.199 [info] Getting sessions for all scopes...
2025-10-08 10:30:37.199 [info] Got 2 sessions for ...
2025-10-08 10:30:37.199 [info] Getting sessions for all scopes...
2025-10-08 10:30:37.199 [info] Got 2 sessions for ...
2025-10-08 10:30:37.199 [info] Getting sessions for all scopes...
2025-10-08 10:30:37.199 [info] Got 2 sessions for ...
2025-10-08 10:30:37.199 [info] Getting sessions for all scopes...
2025-10-08 10:30:37.199 [info] Got 2 sessions for ...
2025-10-08 10:30:37.199 [info] Getting sessions for all scopes...
2025-10-08 10:30:37.199 [info] Got 2 sessions for ...
2025-10-08 10:30:37.199 [info] Getting sessions for all scopes...
2025-10-08 10:30:37.199 [info] Got 2 sessions for ...
2025-10-08 10:30:37.199 [info] Getting sessions for all scopes...
2025-10-08 10:30:37.199 [info] Got 2 sessions for ...
2025-10-08 10:30:37.199 [info] Getting sessions for read:user,repo,user:email,workflow...
2025-10-08 10:30:37.199 [info] Got 1 sessions for read:user,repo,user:email,workflow...
2025-10-08 10:30:37.884 [info] fetching: Electron fetch failed with status: 429 
2025-10-08 10:30:49.895 [info] Getting sessions for all scopes...
2025-10-08 10:30:49.895 [info] Got 2 sessions for ...
2025-10-08 10:30:49.896 [info] Getting sessions for user:email...
2025-10-08 10:30:49.896 [info] Got 1 sessions for user:email...
2025-10-08 10:30:50.139 [info] fetching: Node fetch failed with status: 429 Too Many Requests
2025-10-08 10:30:50.890 [info] Getting sessions for all scopes...
2025-10-08 10:30:50.890 [info] Got 2 sessions for ...
2025-10-08 10:30:52.228 [info] Getting sessions for read:user,repo,user:email,workflow...
2025-10-08 10:30:52.228 [info] Got 1 sessions for read:user,repo,user:email,workflow...
2025-10-08 10:30:53.529 [info] fetching: Node http/s failed with status: 429 Too Many Requests
2025-10-08 10:30:53.878 [info] Getting sessions for all scopes...
2025-10-08 10:30:53.878 [info] Got 2 sessions for ...
2025-10-08 10:30:53.972 [info] Getting sessions for all scopes...
2025-10-08 10:30:53.972 [info] Got 2 sessions for ...
2025-10-08 10:30:53.972 [info] Getting sessions for read:user,repo,user:email,workflow...
2025-10-08 10:30:53.972 [info] Got 1 sessions for read:user,repo,user:email,workflow...
2025-10-08 10:30:54.015 [info] Getting sessions for read:user,repo,user:email,workflow...
2025-10-08 10:30:54.015 [info] Got 1 sessions for read:user,repo,user:email,workflow...
2025-10-08 10:30:54.016 [info] Getting sessions for all scopes...
2025-10-08 10:30:54.016 [info] Got 2 sessions for ...
2025-10-08 10:30:54.330 [info] Getting sessions for read:user,repo,user:email,workflow...
2025-10-08 10:30:54.330 [info] Got 1 sessions for read:user,repo,user:email,workflow...
2025-10-08 10:30:55.714 [info] Getting sessions for all scopes...
2025-10-08 10:30:55.714 [info] Got 2 sessions for ...
2025-10-08 10:30:55.715 [info] Getting sessions for all scopes...
2025-10-08 10:30:55.715 [info] Got 2 sessions for ...
2025-10-08 10:30:55.818 [info] Getting sessions for read:user,repo,user:email,workflow...
2025-10-08 10:30:55.818 [info] Got 1 sessions for read:user,repo,user:email,workflow...
2025-10-08 10:30:56.103 [info] Getting sessions for all scopes...
2025-10-08 10:30:56.104 [info] Got 2 sessions for ...
2025-10-08 10:30:56.178 [info] Getting sessions for read:user,repo,user:email,workflow...
2025-10-08 10:30:56.178 [info] Got 1 sessions for read:user,repo,user:email,workflow...
2025-10-08 10:30:56.483 [info] Getting sessions for all scopes...
2025-10-08 10:30:56.483 [info] Got 2 sessions for ...
2025-10-08 10:30:56.579 [info] Getting sessions for read:user,repo,user:email,workflow...
2025-10-08 10:30:56.579 [info] Got 1 sessions for read:user,repo,user:email,workflow...
2025-10-08 10:30:56.612 [info] Getting sessions for all scopes...
2025-10-08 10:30:56.612 [info] Got 2 sessions for ...
2025-10-08 10:30:56.625 [info] Getting sessions for all scopes...
2025-10-08 10:30:56.625 [info] Got 2 sessions for ...
2025-10-08 10:30:56.625 [info] Getting sessions for all scopes...
2025-10-08 10:30:56.625 [info] Got 2 sessions for ...
2025-10-08 10:30:56.626 [info] Getting sessions for all scopes...
2025-10-08 10:30:56.626 [info] Got 2 sessions for ...
2025-10-08 10:30:56.645 [info] Getting sessions for read:user,repo,user:email,workflow...
2025-10-08 10:30:56.645 [info] Got 1 sessions for read:user,repo,user:email,workflow...
2025-10-08 10:30:56.656 [info] Getting sessions for all scopes...
2025-10-08 10:30:56.657 [info] Got 2 sessions for ...
2025-10-08 10:30:56.661 [info] Getting sessions for read:user,repo,user:email,workflow...
2025-10-08 10:30:56.661 [info] Got 1 sessions for read:user,repo,user:email,workflow...
2025-10-08 10:30:58.010 [info] Getting sessions for all scopes...
2025-10-08 10:30:58.010 [info] Got 2 sessions for ...
2025-10-08 10:30:59.973 [info] Getting sessions for all scopes...
2025-10-08 10:30:59.973 [info] Got 2 sessions for ...
2025-10-08 10:31:01.672 [info] Getting sessions for all scopes...
2025-10-08 10:31:01.672 [info] Got 2 sessions for ...
2025-10-08 10:31:01.703 [info] Getting sessions for read:user,repo,user:email,workflow...
2025-10-08 10:31:01.703 [info] Got 1 sessions for read:user,repo,user:email,workflow...
2025-10-08 10:31:02.270 [info] Getting sessions for all scopes...
2025-10-08 10:31:02.270 [info] Got 2 sessions for ...
2025-10-08 10:31:02.275 [info] Getting sessions for read:user,repo,user:email,workflow...
2025-10-08 10:31:02.275 [info] Got 1 sessions for read:user,repo,user:email,workflow...
2025-10-08 10:31:02.883 [info] Getting sessions for all scopes...
2025-10-08 10:31:02.883 [info] Got 2 sessions for ...
2025-10-08 10:31:02.885 [info] Getting sessions for read:user,repo,user:email,workflow...
2025-10-08 10:31:02.885 [info] Got 1 sessions for read:user,repo,user:email,workflow...
2025-10-08 10:36:56.620 [info] Getting sessions for all scopes...
2025-10-08 10:36:56.644 [info] Got 2 sessions for ...
2025-10-08 10:36:56.746 [info] Getting sessions for all scopes...
2025-10-08 10:36:56.746 [info] Got 2 sessions for ...
2025-10-08 10:36:57.120 [info] Getting sessions for all scopes...
2025-10-08 10:36:57.120 [info] Got 2 sessions for ...
2025-10-08 10:36:57.123 [info] Getting sessions for read:user,repo,user:email,workflow...
2025-10-08 10:36:57.123 [info] Got 1 sessions for read:user,repo,user:email,workflow...
2025-10-08 10:37:03.915 [info] Getting sessions for all scopes...
2025-10-08 10:37:03.916 [info] Got 2 sessions for ...
2025-10-08 10:37:03.925 [info] Getting sessions for read:user,repo,user:email,workflow...
2025-10-08 10:37:03.925 [info] Got 1 sessions for read:user,repo,user:email,workflow...
2025-10-08 10:37:23.322 [info] Getting sessions for all scopes...
2025-10-08 10:37:23.322 [info] Got 2 sessions for ...
2025-10-08 10:37:23.325 [info] Getting sessions for read:user,repo,user:email,workflow...
2025-10-08 10:37:23.325 [info] Got 1 sessions for read:user,repo,user:email,workflow...
2025-10-08 10:37:29.517 [info] Getting sessions for all scopes...
2025-10-08 10:37:29.517 [info] Got 2 sessions for ...
2025-10-08 10:37:29.528 [info] Getting sessions for read:user,repo,user:email,workflow...
2025-10-08 10:37:29.528 [info] Got 1 sessions for read:user,repo,user:email,workflow...
2025-10-08 10:37:30.029 [info] Getting sessions for all scopes...
2025-10-08 10:37:30.032 [info] Got 2 sessions for ...
2025-10-08 10:37:30.035 [info] Getting sessions for all scopes...
2025-10-08 10:37:30.035 [info] Got 2 sessions for ...
2025-10-08 10:37:30.055 [info] Getting sessions for read:user,repo,user:email,workflow...
2025-10-08 10:37:30.055 [info] Got 1 sessions for read:user,repo,user:email,workflow...
2025-10-08 10:37:30.587 [info] Getting sessions for all scopes...
2025-10-08 10:37:30.587 [info] Got 2 sessions for ...
2025-10-08 10:37:30.595 [info] Getting sessions for read:user,repo,user:email,workflow...
2025-10-08 10:37:30.595 [info] Got 1 sessions for read:user,repo,user:email,workflow...
2025-10-08 10:37:32.791 [info] Getting sessions for all scopes...
2025-10-08 10:37:32.792 [info] Got 2 sessions for ...
2025-10-08 10:37:32.799 [info] Getting sessions for read:user,repo,user:email,workflow...
2025-10-08 10:37:32.799 [info] Got 1 sessions for read:user,repo,user:email,workflow...
2025-10-08 10:37:34.627 [info] Getting sessions for all scopes...
2025-10-08 10:37:34.627 [info] Got 2 sessions for ...
2025-10-08 10:37:34.636 [info] Getting sessions for read:user,repo,user:email,workflow...
2025-10-08 10:37:34.636 [info] Got 1 sessions for read:user,repo,user:email,workflow...
2025-10-08 10:37:34.813 [info] Getting sessions for all scopes...
2025-10-08 10:37:34.813 [info] Got 2 sessions for ...
2025-10-08 10:37:34.825 [info] Getting sessions for read:user,repo,user:email,workflow...
2025-10-08 10:37:34.825 [info] Got 1 sessions for read:user,repo,user:email,workflow...
2025-10-08 10:37:36.534 [info] Getting sessions for all scopes...
2025-10-08 10:37:36.534 [info] Got 2 sessions for ...
2025-10-08 10:37:36.536 [info] Getting sessions for read:user,repo,user:email,workflow...
2025-10-08 10:37:36.536 [info] Got 1 sessions for read:user,repo,user:email,workflow...
2025-10-08 10:37:37.800 [info] Getting sessions for all scopes...
2025-10-08 10:37:37.800 [info] Got 2 sessions for ...
2025-10-08 10:37:37.802 [info] Getting sessions for read:user,repo,user:email,workflow...
2025-10-08 10:37:37.802 [info] Got 1 sessions for read:user,repo,user:email,workflow...
2025-10-08 10:37:38.023 [info] Getting sessions for all scopes...
2025-10-08 10:37:38.023 [info] Got 2 sessions for ...
2025-10-08 10:37:38.025 [info] Getting sessions for read:user,repo,user:email,workflow...
2025-10-08 10:37:38.026 [info] Got 1 sessions for read:user,repo,user:email,workflow...
2025-10-08 10:37:38.420 [info] Getting sessions for all scopes...
2025-10-08 10:37:38.421 [info] Got 2 sessions for ...
2025-10-08 10:37:38.424 [info] Getting sessions for read:user,repo,user:email,workflow...
2025-10-08 10:37:38.424 [info] Got 1 sessions for read:user,repo,user:email,workflow...
2025-10-08 10:37:39.060 [info] Getting sessions for all scopes...
2025-10-08 10:37:39.060 [info] Got 2 sessions for ...
2025-10-08 10:37:39.072 [info] Getting sessions for read:user,repo,user:email,workflow...
2025-10-08 10:37:39.072 [info] Got 1 sessions for read:user,repo,user:email,workflow...
2025-10-08 10:37:40.793 [info] Getting sessions for all scopes...
2025-10-08 10:37:40.794 [info] Got 2 sessions for ...
2025-10-08 10:37:40.802 [info] Getting sessions for read:user,repo,user:email,workflow...
2025-10-08 10:37:40.802 [info] Got 1 sessions for read:user,repo,user:email,workflow...
2025-10-08 10:37:43.874 [info] Getting sessions for all scopes...
2025-10-08 10:37:43.874 [info] Got 2 sessions for ...
2025-10-08 10:37:44.197 [info] Getting sessions for read:user,repo,user:email,workflow...
2025-10-08 10:37:44.197 [info] Got 1 sessions for read:user,repo,user:email,workflow...
2025-10-08 10:37:46.798 [info] Getting sessions for all scopes...
2025-10-08 10:37:46.798 [info] Got 2 sessions for ...
2025-10-08 10:37:46.809 [info] Getting sessions for read:user,repo,user:email,workflow...
2025-10-08 10:37:46.809 [info] Got 1 sessions for read:user,repo,user:email,workflow...
2025-10-08 10:37:49.879 [info] Getting sessions for all scopes...
2025-10-08 10:37:49.879 [info] Got 2 sessions for ...
2025-10-08 10:37:49.961 [info] Getting sessions for read:user,repo,user:email,workflow...
2025-10-08 10:37:49.961 [info] Got 1 sessions for read:user,repo,user:email,workflow...
2025-10-08 10:39:58.498 [info] Getting sessions for all scopes...
2025-10-08 10:39:58.498 [info] Got 2 sessions for ...
2025-10-08 10:39:58.504 [info] Getting sessions for read:user,repo,user:email,workflow...
2025-10-08 10:39:58.504 [info] Got 1 sessions for read:user,repo,user:email,workflow...
2025-10-08 10:40:19.390 [info] Getting sessions for all scopes...
2025-10-08 10:40:19.390 [info] Got 2 sessions for ...
2025-10-08 10:40:19.392 [info] Getting sessions for read:user,repo,user:email,workflow...
2025-10-08 10:40:19.392 [info] Got 1 sessions for read:user,repo,user:email,workflow...
2025-10-08 10:40:19.395 [info] Getting sessions for all scopes...
2025-10-08 10:40:19.395 [info] Got 2 sessions for ...
2025-10-08 10:40:19.397 [info] Getting sessions for read:user,repo,user:email,workflow...
2025-10-08 10:40:19.397 [info] Got 1 sessions for read:user,repo,user:email,workflow...
2025-10-08 10:40:19.452 [info] Getting sessions for all scopes...
2025-10-08 10:40:19.453 [info] Got 2 sessions for ...
2025-10-08 10:40:19.460 [info] Getting sessions for read:user,repo,user:email,workflow...
2025-10-08 10:40:19.460 [info] Got 1 sessions for read:user,repo,user:email,workflow...
2025-10-08 10:40:20.041 [info] Getting sessions for all scopes...
2025-10-08 10:40:20.041 [info] Got 2 sessions for ...
2025-10-08 10:40:20.044 [info] Getting sessions for read:user,repo,user:email,workflow...
2025-10-08 10:40:20.044 [info] Got 1 sessions for read:user,repo,user:email,workflow...
2025-10-08 10:40:20.047 [info] Getting sessions for all scopes...
2025-10-08 10:40:20.047 [info] Got 2 sessions for ...
2025-10-08 10:40:20.054 [info] Getting sessions for read:user,repo,user:email,workflow...
2025-10-08 10:40:20.054 [info] Got 1 sessions for read:user,repo,user:email,workflow...
2025-10-08 10:40:20.090 [info] Getting sessions for all scopes...
2025-10-08 10:40:20.090 [info] Got 2 sessions for ...
2025-10-08 10:40:20.096 [info] Getting sessions for read:user,repo,user:email,workflow...
2025-10-08 10:40:20.096 [info] Got 1 sessions for read:user,repo,user:email,workflow...
2025-10-08 10:40:42.426 [info] Getting sessions for all scopes...
2025-10-08 10:40:42.427 [info] Got 2 sessions for ...
2025-10-08 10:40:42.509 [info] Getting sessions for all scopes...
2025-10-08 10:40:42.509 [info] Got 2 sessions for ...
2025-10-08 10:40:55.185 [info] Getting sessions for all scopes...
2025-10-08 10:40:55.185 [info] Got 2 sessions for ...
2025-10-08 10:40:55.189 [info] Getting sessions for read:user,repo,user:email,workflow...
2025-10-08 10:40:55.189 [info] Got 1 sessions for read:user,repo,user:email,workflow...
2025-10-08 10:41:13.994 [info] Getting sessions for all scopes...
2025-10-08 10:41:14.005 [info] Got 2 sessions for ...
2025-10-08 10:41:14.045 [info] Getting sessions for all scopes...
2025-10-08 10:41:14.046 [info] Got 2 sessions for ...
2025-10-08 10:41:30.069 [info] Getting sessions for all scopes...
2025-10-08 10:41:30.069 [info] Got 2 sessions for ...
2025-10-08 10:41:30.102 [info] Getting sessions for read:user,repo,user:email,workflow...
2025-10-08 10:41:30.134 [info] Got 1 sessions for read:user,repo,user:email,workflow...
2025-10-08 10:41:36.776 [info] Getting sessions for all scopes...
2025-10-08 10:41:36.833 [info] Got 2 sessions for ...
2025-10-08 10:41:36.839 [info] Getting sessions for read:user,repo,user:email,workflow...
2025-10-08 10:41:36.839 [info] Got 1 sessions for read:user,repo,user:email,workflow...
2025-10-08 10:42:13.697 [info] Getting sessions for all scopes...
2025-10-08 10:42:13.698 [info] Got 2 sessions for ...
2025-10-08 10:42:13.700 [info] Getting sessions for read:user,repo,user:email,workflow...
2025-10-08 10:42:13.700 [info] Got 1 sessions for read:user,repo,user:email,workflow...
2025-10-08 10:42:24.937 [info] Getting sessions for all scopes...
2025-10-08 10:42:24.937 [info] Got 2 sessions for ...
2025-10-08 10:42:24.940 [info] Getting sessions for read:user,repo,user:email,workflow...
2025-10-08 10:42:24.941 [info] Got 1 sessions for read:user,repo,user:email,workflow...
2025-10-08 10:42:33.371 [info] Getting sessions for all scopes...
2025-10-08 10:42:33.371 [info] Got 2 sessions for ...
2025-10-08 10:42:33.373 [info] Getting sessions for read:user,repo,user:email,workflow...
2025-10-08 10:42:33.373 [info] Got 1 sessions for read:user,repo,user:email,workflow...
2025-10-08 10:42:40.601 [info] Getting sessions for all scopes...
2025-10-08 10:42:40.601 [info] Got 2 sessions for ...
2025-10-08 10:42:40.617 [info] Getting sessions for read:user,repo,user:email,workflow...
2025-10-08 10:42:40.617 [info] Got 1 sessions for read:user,repo,user:email,workflow...
2025-10-08 10:42:51.054 [info] Getting sessions for all scopes...
2025-10-08 10:42:51.054 [info] Got 2 sessions for ...
2025-10-08 10:42:51.057 [info] Getting sessions for read:user,repo,user:email,workflow...
2025-10-08 10:42:51.057 [info] Got 1 sessions for read:user,repo,user:email,workflow...
2025-10-08 10:43:04.289 [info] Getting sessions for all scopes...
2025-10-08 10:43:04.289 [info] Got 2 sessions for ...
2025-10-08 10:43:04.295 [info] Getting sessions for read:user,repo,user:email,workflow...
2025-10-08 10:43:04.296 [info] Got 1 sessions for read:user,repo,user:email,workflow...
2025-10-08 10:43:14.913 [info] Getting sessions for all scopes...
2025-10-08 10:43:14.913 [info] Got 2 sessions for ...
2025-10-08 10:43:14.915 [info] Getting sessions for read:user,repo,user:email,workflow...
2025-10-08 10:43:14.915 [info] Got 1 sessions for read:user,repo,user:email,workflow...
2025-10-08 10:43:48.326 [info] Getting sessions for all scopes...
2025-10-08 10:43:48.327 [info] Got 2 sessions for ...
2025-10-08 10:43:48.333 [info] Getting sessions for read:user,repo,user:email,workflow...
2025-10-08 10:43:48.333 [info] Got 1 sessions for read:user,repo,user:email,workflow...
2025-10-08 10:43:59.990 [info] Getting sessions for all scopes...
2025-10-08 10:43:59.990 [info] Got 2 sessions for ...
2025-10-08 10:43:59.992 [info] Getting sessions for read:user,repo,user:email,workflow...
2025-10-08 10:43:59.992 [info] Got 1 sessions for read:user,repo,user:email,workflow...
2025-10-08 10:44:14.378 [info] Getting sessions for all scopes...
2025-10-08 10:44:14.378 [info] Got 2 sessions for ...
2025-10-08 10:44:14.384 [info] Getting sessions for read:user,repo,user:email,workflow...
2025-10-08 10:44:14.384 [info] Got 1 sessions for read:user,repo,user:email,workflow...
2025-10-08 10:44:24.727 [info] Getting sessions for all scopes...
2025-10-08 10:44:24.727 [info] Got 2 sessions for ...
2025-10-08 10:44:24.728 [info] Getting sessions for read:user,repo,user:email,workflow...
2025-10-08 10:44:24.728 [info] Got 1 sessions for read:user,repo,user:email,workflow...
2025-10-08 10:44:48.388 [info] Getting sessions for all scopes...
2025-10-08 10:44:48.388 [info] Got 2 sessions for ...
2025-10-08 10:44:48.431 [info] Getting sessions for read:user,repo,user:email,workflow...
2025-10-08 10:44:48.431 [info] Got 1 sessions for read:user,repo,user:email,workflow...
2025-10-08 10:45:00.494 [info] Getting sessions for all scopes...
2025-10-08 10:45:00.494 [info] Got 2 sessions for ...
2025-10-08 10:45:00.506 [info] Getting sessions for read:user,repo,user:email,workflow...
2025-10-08 10:45:00.506 [info] Got 1 sessions for read:user,repo,user:email,workflow...
2025-10-08 10:45:19.749 [info] Getting sessions for all scopes...
2025-10-08 10:45:19.750 [info] Got 2 sessions for ...
2025-10-08 10:45:19.753 [info] Getting sessions for read:user,repo,user:email,workflow...
2025-10-08 10:45:19.753 [info] Got 1 sessions for read:user,repo,user:email,workflow...
2025-10-08 10:45:48.034 [info] Getting sessions for all scopes...
2025-10-08 10:45:48.034 [info] Got 2 sessions for ...
2025-10-08 10:45:48.040 [info] Getting sessions for read:user,repo,user:email,workflow...
2025-10-08 10:45:48.040 [info] Got 1 sessions for read:user,repo,user:email,workflow...
2025-10-08 10:45:55.184 [info] Getting sessions for all scopes...
2025-10-08 10:45:55.184 [info] Got 2 sessions for ...
2025-10-08 10:45:55.186 [info] Getting sessions for read:user,repo,user:email,workflow...
2025-10-08 10:45:55.186 [info] Got 1 sessions for read:user,repo,user:email,workflow...
2025-10-08 10:45:59.808 [info] Getting sessions for all scopes...
2025-10-08 10:45:59.808 [info] Got 2 sessions for ...
2025-10-08 10:45:59.814 [info] Getting sessions for read:user,repo,user:email,workflow...
2025-10-08 10:45:59.814 [info] Got 1 sessions for read:user,repo,user:email,workflow...
2025-10-08 10:46:21.902 [info] Getting sessions for all scopes...
2025-10-08 10:46:21.902 [info] Got 2 sessions for ...
2025-10-08 10:46:21.905 [info] Getting sessions for read:user,repo,user:email,workflow...
2025-10-08 10:46:21.905 [info] Got 1 sessions for read:user,repo,user:email,workflow...
2025-10-08 10:46:33.199 [info] Getting sessions for all scopes...
2025-10-08 10:46:33.199 [info] Got 2 sessions for ...
2025-10-08 10:46:33.205 [info] Getting sessions for read:user,repo,user:email,workflow...
2025-10-08 10:46:33.205 [info] Got 1 sessions for read:user,repo,user:email,workflow...
