2025-10-10 21:03:27.581 [info] Starting Python Locator /home/saif/.vscode/extensions/ms-python.python-2025.16.0-linux-x64/python-env-tools/bin/pet server
2025-10-10 21:03:34.376 [info] Discovered manager: (Pyenv) /usr/bin/pyenv
2025-10-10 21:03:36.467 [info] Discovered env: /home/saif/Dev/work/goby/venv/bin/python
2025-10-10 21:03:36.511 [info] Discovered env: /home/saif/.pyenv/versions/3.12.3/bin/python
2025-10-10 21:03:36.515 [info] Discovered env: /usr/bin/python
2025-10-10 21:03:36.517 [info] Discovered env: /bin/python
2025-10-10 21:03:36.517 [info] Env ("/usr/sbin/python") in Path resolved as ResolvedPythonEnv { executable: "/usr/sbin/python", prefix: "/usr", version: "3.13.7.final.0", is64_bit: true, symlinks: Some(["/usr/sbin/python"]) } and reported as Some(GlobalPaths)
2025-10-10 21:03:36.518 [info] Discovered env: /usr/sbin/python
2025-10-10 21:03:36.518 [info] Env ("/sbin/python") in Path resolved as ResolvedPythonEnv { executable: "/sbin/python", prefix: "/usr", version: "3.13.7.final.0", is64_bit: true, symlinks: Some(["/sbin/python"]) } and reported as Some(GlobalPaths)
2025-10-10 21:03:36.519 [info] Discovered env: /sbin/python
2025-10-10 21:03:36.520 [info] Env ("/usr/sbin/python3") in Path resolved as ResolvedPythonEnv { executable: "/usr/sbin/python3", prefix: "/usr", version: "3.13.7.final.0", is64_bit: true, symlinks: Some(["/usr/sbin/python3"]) } and reported as Some(GlobalPaths)
2025-10-10 21:03:36.520 [info] Discovered env: /usr/sbin/python3
2025-10-10 21:03:36.614 [info] Env ("/sbin/python3") in Path resolved as ResolvedPythonEnv { executable: "/sbin/python3", prefix: "/usr", version: "3.13.7.final.0", is64_bit: true, symlinks: Some(["/sbin/python3"]) } and reported as Some(GlobalPaths)
2025-10-10 21:03:36.614 [info] Discovered env: /sbin/python3
2025-10-10 21:03:36.615 [info] Env ("/usr/sbin/python3.13") in Path resolved as ResolvedPythonEnv { executable: "/usr/sbin/python3.13", prefix: "/usr", version: "3.13.7.final.0", is64_bit: true, symlinks: Some(["/usr/sbin/python3.13"]) } and reported as Some(GlobalPaths)
2025-10-10 21:03:36.615 [info] Discovered env: /usr/sbin/python3.13
2025-10-10 21:03:36.615 [info] Env ("/sbin/python3.13") in Path resolved as ResolvedPythonEnv { executable: "/sbin/python3.13", prefix: "/usr", version: "3.13.7.final.0", is64_bit: true, symlinks: Some(["/sbin/python3.13"]) } and reported as Some(GlobalPaths)
2025-10-10 21:03:36.616 [info] Discovered env: /sbin/python3.13
2025-10-10 21:03:36.616 [info] Locator Conda took 723.697109ms
2025-10-10 21:03:36.616 [info] Locator Homebrew took 360.473µs
2025-10-10 21:03:36.616 [info] Locator LinuxGlobal took 261.918783ms
2025-10-10 21:03:36.616 [info] Locator PipEnv took 491.79µs
2025-10-10 21:03:36.616 [info] Locator Pixi took 25.822µs
2025-10-10 21:03:36.616 [info] Locator Poetry took 6.615557ms
2025-10-10 21:03:36.616 [info] Locator PyEnv took 27.478855ms
2025-10-10 21:03:36.616 [info] Locator Venv took 35.07µs
2025-10-10 21:03:36.616 [info] Locator VirtualEnv took 4.099081ms
2025-10-10 21:03:36.616 [info] Locator VirtualEnvWrapper took 312.472µs
2025-10-10 21:03:36.617 [info] Locator GlobalVirtualEnvs took 99.434µs
2025-10-10 21:03:36.617 [info] Locator Locators took 725.492079ms
2025-10-10 21:03:36.617 [info] Locator Path took 517.353015ms
2025-10-10 21:03:36.617 [info] Locator Workspaces took 30.940587ms
2025-10-10 21:03:36.617 [info] Refresh completed in 725ms
2025-10-10 21:03:36.619 [info] Resolved Python Environment /home/saif/Dev/work/goby/venv/bin/python
