2025-10-10 15:14:26.887 [info] Starting Python Locator /home/saif/.vscode/extensions/ms-python.python-2025.14.0-linux-x64/python-env-tools/bin/pet server
2025-10-10 15:14:44.389 [info] Discovered manager: (Pyenv) /usr/bin/pyenv
2025-10-10 15:14:44.399 [info] Discovered env: /home/saif/Dev/work/goby/venv/bin/python
2025-10-10 15:14:44.407 [info] Discovered env: /home/saif/.pyenv/versions/3.12.3/bin/python
2025-10-10 15:14:44.418 [info] Discovered env: /bin/python
2025-10-10 15:14:44.421 [info] Discovered env: /usr/bin/python
2025-10-10 15:14:44.920 [info] Env ("/usr/sbin/python") in Path resolved as ResolvedPythonEnv { executable: "/usr/sbin/python", prefix: "/usr", version: "3.13.7.final.0", is64_bit: true, symlinks: Some(["/usr/sbin/python"]) } and reported as Some(GlobalPaths)
2025-10-10 15:14:44.921 [info] Discovered env: /usr/sbin/python
2025-10-10 15:14:44.922 [info] Env ("/sbin/python") in Path resolved as ResolvedPythonEnv { executable: "/sbin/python", prefix: "/usr", version: "3.13.7.final.0", is64_bit: true, symlinks: Some(["/sbin/python"]) } and reported as Some(GlobalPaths)
2025-10-10 15:14:44.922 [info] Discovered env: /sbin/python
2025-10-10 15:14:44.924 [info] Env ("/sbin/python3") in Path resolved as ResolvedPythonEnv { executable: "/sbin/python3", prefix: "/usr", version: "3.13.7.final.0", is64_bit: true, symlinks: Some(["/sbin/python3"]) } and reported as Some(GlobalPaths)
2025-10-10 15:14:44.924 [info] Discovered env: /sbin/python3
2025-10-10 15:14:44.928 [info] Env ("/usr/sbin/python3") in Path resolved as ResolvedPythonEnv { executable: "/usr/sbin/python3", prefix: "/usr", version: "3.13.7.final.0", is64_bit: true, symlinks: Some(["/usr/sbin/python3"]) } and reported as Some(GlobalPaths)
2025-10-10 15:14:44.929 [info] Discovered env: /usr/sbin/python3
2025-10-10 15:14:44.932 [info] Env ("/sbin/python3.13") in Path resolved as ResolvedPythonEnv { executable: "/sbin/python3.13", prefix: "/usr", version: "3.13.7.final.0", is64_bit: true, symlinks: Some(["/sbin/python3.13"]) } and reported as Some(GlobalPaths)
2025-10-10 15:14:44.934 [info] Discovered env: /sbin/python3.13
2025-10-10 15:14:44.937 [info] Env ("/usr/sbin/python3.13") in Path resolved as ResolvedPythonEnv { executable: "/usr/sbin/python3.13", prefix: "/usr", version: "3.13.7.final.0", is64_bit: true, symlinks: Some(["/usr/sbin/python3.13"]) } and reported as Some(GlobalPaths)
2025-10-10 15:14:44.937 [info] Discovered env: /usr/sbin/python3.13
2025-10-10 15:14:44.938 [info] Locator Conda took 705.911114ms
2025-10-10 15:14:44.938 [info] Locator Homebrew took 346.283µs
2025-10-10 15:14:44.939 [info] Locator LinuxGlobal took 394.720661ms
2025-10-10 15:14:44.939 [info] Locator PipEnv took 54.153µs
2025-10-10 15:14:44.939 [info] Locator Pixi took 41.079µs
2025-10-10 15:14:44.939 [info] Locator Poetry took 5.551577ms
2025-10-10 15:14:44.939 [info] Locator PyEnv took 44.856226ms
2025-10-10 15:14:44.939 [info] Locator Venv took 234.905µs
2025-10-10 15:14:44.939 [info] Locator VirtualEnv took 175.73µs
2025-10-10 15:14:44.939 [info] Locator VirtualEnvWrapper took 418.375µs
2025-10-10 15:14:44.940 [info] Locator GlobalVirtualEnvs took 1.696593ms
2025-10-10 15:14:44.940 [info] Locator Locators took 706.440744ms
2025-10-10 15:14:44.940 [info] Locator Path took 674.686578ms
2025-10-10 15:14:44.940 [info] Locator Workspaces took 46.984777ms
2025-10-10 15:14:44.941 [info] Refresh completed in 706ms
2025-10-10 15:14:44.950 [info] Resolved Python Environment /home/saif/Dev/work/goby/venv/bin/python
