2025-10-10 15:15:24.540 [info] Reading sessions from keychain...
2025-10-10 15:15:24.540 [info] Got stored sessions!
2025-10-10 15:15:24.540 [info] Got 2 verified sessions.
2025-10-10 15:15:24.540 [info] Getting sessions for all scopes...
2025-10-10 15:15:24.540 [info] Got 2 sessions for ...
2025-10-10 15:15:24.540 [info] Getting sessions for all scopes...
2025-10-10 15:15:24.540 [info] Got 2 sessions for ...
2025-10-10 15:15:24.540 [info] Getting sessions for all scopes...
2025-10-10 15:15:24.540 [info] Got 2 sessions for ...
2025-10-10 15:15:24.540 [info] Getting sessions for all scopes...
2025-10-10 15:15:24.540 [info] Got 2 sessions for ...
2025-10-10 15:15:24.540 [info] Getting sessions for all scopes...
2025-10-10 15:15:24.540 [info] Got 2 sessions for ...
2025-10-10 15:15:24.540 [info] Getting sessions for all scopes...
2025-10-10 15:15:24.540 [info] Got 2 sessions for ...
2025-10-10 15:15:24.540 [info] Getting sessions for all scopes...
2025-10-10 15:15:24.540 [info] Got 2 sessions for ...
2025-10-10 15:15:24.540 [info] Getting sessions for all scopes...
2025-10-10 15:15:24.540 [info] Got 2 sessions for ...
2025-10-10 15:15:24.540 [info] Getting sessions for all scopes...
2025-10-10 15:15:24.540 [info] Got 2 sessions for ...
2025-10-10 15:15:24.540 [info] Getting sessions for all scopes...
2025-10-10 15:15:24.540 [info] Got 2 sessions for ...
2025-10-10 15:15:24.540 [info] Getting sessions for all scopes...
2025-10-10 15:15:24.540 [info] Got 2 sessions for ...
2025-10-10 15:15:24.540 [info] Getting sessions for all scopes...
2025-10-10 15:15:24.540 [info] Got 2 sessions for ...
2025-10-10 15:15:24.540 [info] Getting sessions for all scopes...
2025-10-10 15:15:24.540 [info] Got 2 sessions for ...
2025-10-10 15:15:24.540 [info] Getting sessions for all scopes...
2025-10-10 15:15:24.540 [info] Got 2 sessions for ...
2025-10-10 15:15:24.540 [info] Getting sessions for all scopes...
2025-10-10 15:15:24.540 [info] Got 2 sessions for ...
2025-10-10 15:15:24.540 [info] Getting sessions for read:user,repo,user:email,workflow...
2025-10-10 15:15:24.540 [info] Got 1 sessions for read:user,repo,user:email,workflow...
2025-10-10 15:15:29.587 [info] Getting sessions for all scopes...
2025-10-10 15:15:29.587 [info] Got 2 sessions for ...
2025-10-10 15:15:29.597 [info] fetching: Electron fetch failed with status: 429 
2025-10-10 15:15:30.523 [info] Getting sessions for read:user,repo,user:email,workflow...
2025-10-10 15:15:30.523 [info] Got 1 sessions for read:user,repo,user:email,workflow...
2025-10-10 15:15:30.564 [info] Getting sessions for all scopes...
2025-10-10 15:15:30.564 [info] Got 2 sessions for ...
2025-10-10 15:15:30.588 [info] Getting sessions for all scopes...
2025-10-10 15:15:30.588 [info] Got 2 sessions for ...
2025-10-10 15:15:30.589 [info] Getting sessions for read:user,repo,user:email,workflow...
2025-10-10 15:15:30.589 [info] Got 1 sessions for read:user,repo,user:email,workflow...
2025-10-10 15:15:30.592 [info] Getting sessions for read:user,repo,user:email,workflow...
2025-10-10 15:15:30.592 [info] Got 1 sessions for read:user,repo,user:email,workflow...
2025-10-10 15:15:30.625 [info] Getting sessions for all scopes...
2025-10-10 15:15:30.626 [info] Got 2 sessions for ...
2025-10-10 15:15:30.626 [info] Getting sessions for all scopes...
2025-10-10 15:15:30.626 [info] Got 2 sessions for ...
2025-10-10 15:15:30.674 [info] Getting sessions for read:user,repo,user:email,workflow...
2025-10-10 15:15:30.674 [info] Got 1 sessions for read:user,repo,user:email,workflow...
2025-10-10 15:15:31.039 [info] Getting sessions for all scopes...
2025-10-10 15:15:31.039 [info] Got 2 sessions for ...
2025-10-10 15:15:31.057 [info] Getting sessions for read:user,repo,user:email,workflow...
2025-10-10 15:15:31.057 [info] Got 1 sessions for read:user,repo,user:email,workflow...
2025-10-10 15:15:31.059 [info] fetching: Node fetch failed with status: 429 Too Many Requests
2025-10-10 15:15:31.169 [info] Getting sessions for all scopes...
2025-10-10 15:15:31.169 [info] Got 2 sessions for ...
2025-10-10 15:15:31.171 [info] Getting sessions for read:user,repo,user:email,workflow...
2025-10-10 15:15:31.171 [info] Got 1 sessions for read:user,repo,user:email,workflow...
2025-10-10 15:15:31.302 [info] Getting sessions for all scopes...
2025-10-10 15:15:31.302 [info] Got 2 sessions for ...
2025-10-10 15:15:31.303 [info] Getting sessions for all scopes...
2025-10-10 15:15:31.303 [info] Got 2 sessions for ...
2025-10-10 15:15:31.335 [info] Getting sessions for read:user,repo,user:email,workflow...
2025-10-10 15:15:31.335 [info] Got 1 sessions for read:user,repo,user:email,workflow...
2025-10-10 15:15:31.381 [info] Getting sessions for all scopes...
2025-10-10 15:15:31.381 [info] Got 2 sessions for ...
2025-10-10 15:15:31.382 [info] Getting sessions for read:user,repo,user:email,workflow...
2025-10-10 15:15:31.382 [info] Got 1 sessions for read:user,repo,user:email,workflow...
2025-10-10 15:15:31.623 [info] Getting sessions for all scopes...
2025-10-10 15:15:31.623 [info] Got 2 sessions for ...
2025-10-10 15:15:31.663 [info] Getting sessions for read:user,repo,user:email,workflow...
2025-10-10 15:15:31.663 [info] Got 1 sessions for read:user,repo,user:email,workflow...
2025-10-10 15:15:31.673 [info] Getting sessions for all scopes...
2025-10-10 15:15:31.673 [info] Got 2 sessions for ...
2025-10-10 15:15:31.675 [info] Getting sessions for all scopes...
2025-10-10 15:15:31.675 [info] Got 2 sessions for ...
2025-10-10 15:15:31.680 [info] fetching: Node http/s failed with status: 429 Too Many Requests
2025-10-10 15:15:32.065 [info] Getting sessions for all scopes...
2025-10-10 15:15:32.065 [info] Got 2 sessions for ...
2025-10-10 15:15:32.066 [info] Getting sessions for read:user,repo,user:email,workflow...
2025-10-10 15:15:32.066 [info] Got 1 sessions for read:user,repo,user:email,workflow...
2025-10-10 15:15:32.070 [info] Getting sessions for all scopes...
2025-10-10 15:15:32.070 [info] Got 2 sessions for ...
2025-10-10 15:15:32.072 [info] Getting sessions for read:user,repo,user:email,workflow...
2025-10-10 15:15:32.072 [info] Got 1 sessions for read:user,repo,user:email,workflow...
2025-10-10 15:15:50.645 [info] Getting sessions for user:email...
2025-10-10 15:15:50.653 [info] Got 1 sessions for user:email...
2025-10-10 15:16:11.311 [info] Getting sessions for all scopes...
2025-10-10 15:16:11.312 [info] Got 2 sessions for ...
2025-10-10 15:16:15.365 [info] Getting sessions for all scopes...
2025-10-10 15:16:15.365 [info] Got 2 sessions for ...
2025-10-10 15:16:15.891 [info] Getting sessions for all scopes...
2025-10-10 15:16:15.891 [info] Got 2 sessions for ...
2025-10-10 15:16:15.892 [info] Getting sessions for all scopes...
2025-10-10 15:16:15.892 [info] Got 2 sessions for ...
2025-10-10 15:16:15.898 [info] Getting sessions for all scopes...
2025-10-10 15:16:15.898 [info] Got 2 sessions for ...
