2025-10-08 10:31:45.202 [info] Configuration changed
2025-10-08 10:37:48.628 [info] /response_144540e1-12a0-4c8a-a33e-5cf9ba927251/0 closed
2025-10-08 10:37:50.502 [info] /response_144540e1-12a0-4c8a-a33e-5cf9ba927251/1 closed
2025-10-08 10:37:54.382 [info] /response_144540e1-12a0-4c8a-a33e-5cf9ba927251/2 closed
2025-10-08 10:37:54.968 [info] /response_144540e1-12a0-4c8a-a33e-5cf9ba927251/3 closed
2025-10-08 10:37:55.857 [info] /response_144540e1-12a0-4c8a-a33e-5cf9ba927251/4 closed
2025-10-08 10:37:56.533 [info] /response_ef791b97-c36e-41d7-996a-1bb8d8b1a9f2/0 closed
2025-10-08 10:37:56.551 [info] /response_ef791b97-c36e-41d7-996a-1bb8d8b1a9f2/1 closed
2025-10-08 10:37:57.539 [info] /response_e8cc21ea-8536-49cf-aecb-6ff789d6dea4/1 closed
2025-10-08 10:37:57.553 [info] /response_e8cc21ea-8536-49cf-aecb-6ff789d6dea4/2 closed
2025-10-08 10:37:57.568 [info] /response_e8cc21ea-8536-49cf-aecb-6ff789d6dea4/3 closed
2025-10-08 10:37:57.604 [info] /response_e8cc21ea-8536-49cf-aecb-6ff789d6dea4/4 closed
2025-10-08 10:37:57.628 [info] /response_e8cc21ea-8536-49cf-aecb-6ff789d6dea4/5 closed
2025-10-08 10:37:57.952 [info] /response_144540e1-12a0-4c8a-a33e-5cf9ba927251/5 closed
2025-10-08 10:37:57.960 [info] /response_144540e1-12a0-4c8a-a33e-5cf9ba927251/6 closed
2025-10-08 10:38:18.061 [info] Active editor: vscode-chat-code-block://586bdb76-a8b7-4164-a7f0-6db093d0553d/response_144540e1-12a0-4c8a-a33e-5cf9ba927251/0#%7B%22references%22%3A%5B%5D%7D
2025-10-08 10:38:44.042 [info] Active editor: vscode-chat-code-block://586bdb76-a8b7-4164-a7f0-6db093d0553d/response_144540e1-12a0-4c8a-a33e-5cf9ba927251/4#%7B%22references%22%3A%5B%5D%7D
2025-10-08 10:39:00.563 [info] Active editor: file:///home/saif/Dev/work/goby/delivery/views.py
2025-10-08 10:41:35.555 [info] /response_63462667-1316-4763-8972-a6c22a7baaee/0 closed
2025-10-08 10:41:35.566 [info] /response_63462667-1316-4763-8972-a6c22a7baaee/1 closed
2025-10-08 10:41:35.570 [info] /response_63462667-1316-4763-8972-a6c22a7baaee/2 closed
2025-10-08 10:41:35.574 [info] /response_63462667-1316-4763-8972-a6c22a7baaee/3 closed
2025-10-08 10:41:35.576 [info] /response_0a12dfbb-1320-42b0-86ea-401c46b825c3/1 closed
2025-10-08 10:41:35.578 [info] /response_0a12dfbb-1320-42b0-86ea-401c46b825c3/2 closed
2025-10-08 10:41:35.581 [info] /response_0a12dfbb-1320-42b0-86ea-401c46b825c3/3 closed
2025-10-08 10:41:35.584 [info] /response_0a12dfbb-1320-42b0-86ea-401c46b825c3/4 closed
2025-10-08 10:41:35.587 [info] /response_0a12dfbb-1320-42b0-86ea-401c46b825c3/5 closed
2025-10-08 10:41:35.591 [info] /response_0a12dfbb-1320-42b0-86ea-401c46b825c3/6 closed
2025-10-08 10:41:35.595 [info] /response_df22aa9c-d883-4e61-b070-0ee68b0d7032/0 closed
2025-10-08 10:41:35.647 [info] /response_df22aa9c-d883-4e61-b070-0ee68b0d7032/1 closed
2025-10-08 10:41:35.655 [info] /response_df22aa9c-d883-4e61-b070-0ee68b0d7032/2 closed
2025-10-08 10:41:35.660 [info] /response_df22aa9c-d883-4e61-b070-0ee68b0d7032/3 closed
2025-10-08 10:41:35.663 [info] /response_df22aa9c-d883-4e61-b070-0ee68b0d7032/4 closed
2025-10-08 10:43:16.813 [info] /home/saif/Dev/work/goby/delivery/views.py.git closed
2025-10-08 10:43:16.862 [info] Active editor: file:///home/saif/Dev/work/goby/payment_service/__init__.py
2025-10-08 10:43:30.375 [info] Active editor: file:///home/saif/Dev/work/goby/payment_service/constants.py
2025-10-08 10:43:44.380 [info] Active editor: file:///home/saif/Dev/work/goby/payment_service/exceptions.py
2025-10-08 10:43:53.686 [info] Active editor: file:///home/saif/Dev/work/goby/payment_service/service.py
2025-10-08 10:44:41.478 [info] Active editor: file:///home/saif/Dev/work/goby/payment_service/guards.py
2025-10-08 10:45:02.504 [info] Active editor: file:///home/saif/Dev/work/goby/payment_service/service.py
2025-10-08 10:45:21.310 [info] Active editor: file:///home/saif/Dev/work/goby/payment_service/delivery.py
2025-10-08 10:46:09.343 [info] Active editor: file:///home/saif/Dev/work/goby/delivery/views/delivery_views.py
2025-10-08 10:48:41.258 [info] /home/saif/Dev/work/goby/payment_service/__init__.py closed
2025-10-08 10:48:41.262 [info] /home/saif/Dev/work/goby/payment_service/__init__.py closed
2025-10-08 10:48:41.446 [info] /home/saif/Dev/work/goby/payment_service/constants.py closed
2025-10-08 10:48:41.457 [info] /home/saif/Dev/work/goby/payment_service/constants.py closed
2025-10-08 10:48:41.608 [info] /home/saif/Dev/work/goby/payment_service/exceptions.py closed
2025-10-08 10:48:41.615 [info] /home/saif/Dev/work/goby/payment_service/exceptions.py closed
2025-10-08 10:48:41.764 [info] /home/saif/Dev/work/goby/payment_service/service.py closed
2025-10-08 10:48:41.778 [info] /home/saif/Dev/work/goby/payment_service/service.py closed
2025-10-08 10:48:41.903 [info] /home/saif/Dev/work/goby/payment_service/guards.py closed
2025-10-08 10:48:41.915 [info] /home/saif/Dev/work/goby/payment_service/guards.py closed
2025-10-08 10:48:42.043 [info] /home/saif/Dev/work/goby/clients/views/credit_views.py closed
2025-10-08 10:48:42.053 [info] /home/saif/Dev/work/goby/clients/views/credit_views.py closed
2025-10-08 10:48:42.165 [info] /home/saif/Dev/work/goby/payment_service/delivery.py closed
2025-10-08 10:48:42.173 [info] /home/saif/Dev/work/goby/payment_service/delivery.py closed
2025-10-08 10:48:42.285 [info] /home/saif/Dev/work/goby/delivery/views/delivery_views.py closed
2025-10-08 10:48:42.302 [info] /home/saif/Dev/work/goby/delivery/views/delivery_views.py closed
2025-10-08 10:48:42.379 [info] Active editor: file:///home/saif/Dev/work/goby/payment_service/tests/test_payment_service.py
2025-10-08 10:48:42.531 [info] /home/saif/Dev/work/goby/payment_service/tests/test_payment_service.py closed
2025-10-08 10:48:42.581 [info] /home/saif/Dev/work/goby/payment_service/tests/test_payment_service.py closed
2025-10-08 10:48:42.598 [info] Active editor: file:///home/saif/Dev/work/goby/delivery/views.py
