2025-10-10 15:14:37.523 [info] [main] Log level: Info
2025-10-10 15:14:37.523 [info] [main] Validating found git in: "git"
2025-10-10 15:14:37.523 [info] [main] Using git "2.51.0" from "git"
2025-10-10 15:14:37.523 [info] [Model][doInitialScan] Initial repository scan started
2025-10-10 15:14:37.523 [info] > git rev-parse --show-toplevel [154ms]
2025-10-10 15:14:37.523 [info] > git rev-parse --git-dir --git-common-dir --show-superproject-working-tree [1490ms]
2025-10-10 15:14:37.523 [info] [Model][openRepository] Opened repository (path): /home/saif/Dev/work/goby
2025-10-10 15:14:37.523 [info] [Model][openRepository] Opened repository (real path): /home/saif/Dev/work/goby
2025-10-10 15:14:37.523 [info] [Model][openRepository] Opened repository (kind): repository
2025-10-10 15:14:37.769 [info] > git rev-parse --show-toplevel [204ms]
2025-10-10 15:14:37.772 [info] > git config --get commit.template [225ms]
2025-10-10 15:14:38.893 [info] > git check-ignore -v -z --stdin [233ms]
2025-10-10 15:14:40.403 [info] > git for-each-ref --format=%(refname)%00%(upstream:short)%00%(objectname)%00%(upstream:track)%00%(upstream:remotename)%00%(upstream:remoteref) refs/heads/saif-refactor refs/remotes/saif-refactor [1717ms]
2025-10-10 15:14:40.476 [info] > git status -z -uall [50ms]
2025-10-10 15:14:40.517 [info] > git for-each-ref --sort -committerdate --format %(refname)%00%(objectname)%00%(*objectname) [64ms]
2025-10-10 15:14:40.728 [info] > git for-each-ref --format=%(refname)%00%(upstream:short)%00%(objectname)%00%(upstream:track)%00%(upstream:remotename)%00%(upstream:remoteref) refs/heads/saif-refactor refs/remotes/saif-refactor [106ms]
2025-10-10 15:14:40.833 [info] > git config --get --local branch.saif-refactor.vscode-merge-base [67ms]
2025-10-10 15:14:40.833 [warning] [Git][config] git config failed: Failed to execute git
2025-10-10 15:14:40.858 [info] > git config --get commit.template [139ms]
2025-10-10 15:14:40.904 [info] > git reflog saif-refactor --grep-reflog=branch: Created from *. [47ms]
2025-10-10 15:14:40.959 [info] > git reflog HEAD --grep-reflog=checkout: moving from .* to saif-refactor [27ms]
2025-10-10 15:14:40.983 [info] > git for-each-ref --format=%(refname)%00%(upstream:short)%00%(objectname)%00%(upstream:track)%00%(upstream:remotename)%00%(upstream:remoteref) refs/heads/saif-refactor refs/remotes/saif-refactor [81ms]
2025-10-10 15:14:41.252 [info] > git status -z -uall [246ms]
2025-10-10 15:14:41.254 [info] > git for-each-ref --sort -committerdate --format %(refname)%00%(objectname)%00%(*objectname) [217ms]
2025-10-10 15:14:41.268 [info] > git for-each-ref --format=%(refname)%00%(upstream:short)%00%(objectname)%00%(upstream:track)%00%(upstream:remotename)%00%(upstream:remoteref) refs/heads/saif refs/remotes/saif [284ms]
2025-10-10 15:14:41.332 [info] > git rev-parse --show-toplevel [256ms]
2025-10-10 15:14:41.368 [info] > git for-each-ref --format=%(refname)%00%(upstream:short)%00%(objectname)%00%(upstream:track)%00%(upstream:remotename)%00%(upstream:remoteref) refs/remotes/origin/saif [74ms]
2025-10-10 15:14:41.491 [info] > git config --add --local branch.saif-refactor.vscode-merge-base origin/saif [98ms]
2025-10-10 15:14:41.493 [info] > git rev-parse --show-toplevel [127ms]
2025-10-10 15:14:41.607 [info] > git rev-parse --show-toplevel [18ms]
2025-10-10 15:14:41.608 [info] > git config --get commit.template [40ms]
2025-10-10 15:14:42.185 [info] > git rev-parse --show-toplevel [81ms]
2025-10-10 15:14:42.215 [info] > git for-each-ref --format=%(refname)%00%(upstream:short)%00%(objectname)%00%(upstream:track)%00%(upstream:remotename)%00%(upstream:remoteref) refs/heads/saif-refactor refs/remotes/saif-refactor [87ms]
2025-10-10 15:14:42.282 [info] > git status -z -uall [41ms]
2025-10-10 15:14:42.282 [info] > git for-each-ref --sort -committerdate --format %(refname)%00%(objectname)%00%(*objectname) [12ms]
2025-10-10 15:14:42.288 [info] > git rev-parse --show-toplevel [74ms]
2025-10-10 15:14:42.447 [info] > git rev-parse --show-toplevel [84ms]
2025-10-10 15:14:42.505 [info] > git rev-parse --show-toplevel [34ms]
2025-10-10 15:14:42.538 [info] > git rev-parse --show-toplevel [4ms]
2025-10-10 15:14:42.739 [info] > git rev-parse --show-toplevel [130ms]
2025-10-10 15:14:42.976 [info] > git rev-parse --show-toplevel [126ms]
2025-10-10 15:14:43.052 [info] > git rev-parse --show-toplevel [44ms]
2025-10-10 15:14:43.371 [info] > git rev-parse --show-toplevel [45ms]
2025-10-10 15:14:43.408 [info] > git rev-parse --show-toplevel [2ms]
2025-10-10 15:14:43.455 [info] > git rev-parse --show-toplevel [4ms]
2025-10-10 15:14:43.498 [info] > git rev-parse --show-toplevel [6ms]
2025-10-10 15:14:43.518 [info] [Model][doInitialScan] Initial repository scan completed - repositories (1), closed repositories (0), parent repositories (0), unsafe repositories (0)
2025-10-10 15:14:43.792 [info] > git show --textconv :delivery/views.py [233ms]
2025-10-10 15:14:43.794 [info] > git ls-files --stage -- delivery/views.py [190ms]
2025-10-10 15:14:43.848 [info] > git cat-file -s 220769eb001446128adff82e858734427a2838a9 [25ms]
2025-10-10 15:14:43.852 [info] > git config --get commit.template [79ms]
2025-10-10 15:14:44.259 [info] > git for-each-ref --format=%(refname)%00%(upstream:short)%00%(objectname)%00%(upstream:track)%00%(upstream:remotename)%00%(upstream:remoteref) refs/heads/saif-refactor refs/remotes/saif-refactor [345ms]
2025-10-10 15:14:44.357 [info] > git status -z -uall [69ms]
2025-10-10 15:14:44.358 [info] > git for-each-ref --sort -committerdate --format %(refname)%00%(objectname)%00%(*objectname) [40ms]
2025-10-10 15:14:44.904 [info] > git diff --name-status -z --diff-filter=ADMR a3d6f560937a47488c4fd2b8966d70f6a06aec4d [29ms]
